[0.060s] Invoking command in '/mnt/d/projetos/tutorial_ros2/action_ws/build/action_tutorials_interfaces': CMAKE_PREFIX_PATH=/opt/ros/foxy /usr/bin/cmake /mnt/d/projetos/tutorial_ros2/action_ws/src/action_tutorials_interfaces -DCMAKE_INSTALL_PREFIX=/mnt/d/projetos/tutorial_ros2/action_ws/install/action_tutorials_interfaces
[0.706s] -- The C compiler identification is GNU 9.3.0
[1.206s] -- The CXX compiler identification is GNU 9.3.0
[1.307s] -- Check for working C compiler: /usr/bin/cc
[1.839s] -- Check for working C compiler: /usr/bin/cc -- works
[1.846s] -- Detecting C compiler ABI info
[2.360s] -- Detecting C compiler ABI info - done
[2.395s] -- Detecting C compile features
[2.396s] -- Detecting C compile features - done
[2.450s] -- Check for working CXX compiler: /usr/bin/c++
[2.974s] -- Check for working CXX compiler: /usr/bin/c++ -- works
[2.979s] -- Detecting CXX compiler ABI info
[3.506s] -- Detecting CXX compiler ABI info - done
[3.539s] -- Detecting CXX compile features
[3.540s] -- Detecting CXX compile features - done
[3.593s] -- Found ament_cmake: 0.9.8 (/opt/ros/foxy/share/ament_cmake/cmake)
[3.633s] -- Found PythonInterp: /usr/bin/python3 (found suitable version "3.8.5", minimum required is "3") 
[3.634s] -- Using PYTHON_EXECUTABLE: /usr/bin/python3
[3.954s] CMake Error at CMakeLists.txt:20 (find_package):
[3.955s]   find_package called with invalid argument "REUIRED"
[3.956s] 
[3.957s] 
[3.958s] CMake Error at CMakeLists.txt:25 (rosidl_generate_interfaces):
[3.958s]   Unknown CMake command "rosidl_generate_interfaces".
[3.959s] 
[3.960s] 
[3.972s] -- Configuring incomplete, errors occurred!
[3.973s] See also "/mnt/d/projetos/tutorial_ros2/action_ws/build/action_tutorials_interfaces/CMakeFiles/CMakeOutput.log".
[3.996s] Invoked command in '/mnt/d/projetos/tutorial_ros2/action_ws/build/action_tutorials_interfaces' returned '1': CMAKE_PREFIX_PATH=/opt/ros/foxy /usr/bin/cmake /mnt/d/projetos/tutorial_ros2/action_ws/src/action_tutorials_interfaces -DCMAKE_INSTALL_PREFIX=/mnt/d/projetos/tutorial_ros2/action_ws/install/action_tutorials_interfaces
