make[1]: Warning: File 'CMakeFiles/Makefile2' has modification time 0.28 s in the future
make[2]: Warning: File 'CMakeFiles/action_tutorials_interfaces__cpp.dir/progress.make' has modification time 0.086 s in the future
make[2]: Warning: File 'CMakeFiles/action_tutorials_interfaces__rosidl_generator_c.dir/progress.make' has modification time 0.12 s in the future
make[2]: warning:  Clock skew detected.  Your build may be incomplete.
make[2]: Warning: File 'CMakeFiles/action_tutorials_interfaces__cpp.dir/progress.make' has modification time 0.031 s in the future
make[2]: warning:  Clock skew detected.  Your build may be incomplete.
make[2]: warning:  Clock skew detected.  Your build may be incomplete.
make[2]: Warning: File 'CMakeFiles/action_tutorials_interfaces__rosidl_generator_c.dir/depend.make' has modification time 0.41 s in the future
make[2]: warning:  Clock skew detected.  Your build may be incomplete.
make[2]: Warning: File 'CMakeFiles/action_tutorials_interfaces__rosidl_typesupport_cpp.dir/depend.make' has modification time 0.35 s in the future
make[2]: Warning: File 'CMakeFiles/action_tutorials_interfaces__rosidl_typesupport_introspection_cpp.dir/depend.make' has modification time 0.33 s in the future
make[2]: Warning: File 'CMakeFiles/action_tutorials_interfaces__rosidl_typesupport_fastrtps_cpp.dir/depend.make' has modification time 0.27 s in the future
make[2]: Warning: File 'CMakeFiles/action_tutorials_interfaces__rosidl_typesupport_c.dir/depend.make' has modification time 0.37 s in the future
make[2]: Warning: File 'CMakeFiles/action_tutorials_interfaces__rosidl_typesupport_introspection_c.dir/depend.make' has modification time 0.35 s in the future
make[2]: warning:  Clock skew detected.  Your build may be incomplete.
make[2]: warning:  Clock skew detected.  Your build may be incomplete.
make[2]: warning:  Clock skew detected.  Your build may be incomplete.
make[2]: warning:  Clock skew detected.  Your build may be incomplete.
make[2]: warning:  Clock skew detected.  Your build may be incomplete.
make[2]: Warning: File 'CMakeFiles/action_tutorials_interfaces__rosidl_typesupport_fastrtps_c.dir/depend.make' has modification time 0.37 s in the future
make[2]: warning:  Clock skew detected.  Your build may be incomplete.
make[2]: Warning: File 'CMakeFiles/action_tutorials_interfaces__python.dir/depend.make' has modification time 0.35 s in the future
make[2]: warning:  Clock skew detected.  Your build may be incomplete.
make[2]: Warning: File 'CMakeFiles/action_tutorials_interfaces__rosidl_typesupport_c__pyext.dir/depend.make' has modification time 0.33 s in the future
make[2]: Warning: File 'CMakeFiles/action_tutorials_interfaces__rosidl_typesupport_introspection_c__pyext.dir/depend.make' has modification time 0.33 s in the future
make[2]: Warning: File 'CMakeFiles/action_tutorials_interfaces__rosidl_typesupport_fastrtps_c__pyext.dir/depend.make' has modification time 0.32 s in the future
make[2]: warning:  Clock skew detected.  Your build may be incomplete.
make[2]: warning:  Clock skew detected.  Your build may be incomplete.
make[2]: warning:  Clock skew detected.  Your build may be incomplete.
make[1]: warning:  Clock skew detected.  Your build may be incomplete.
