[0.051s] Invoking command in '/mnt/d/projetos/tutorial_ros2/action_ws/build/action_tutorials_interfaces': CMAKE_PREFIX_PATH=/opt/ros/foxy /usr/bin/cmake /mnt/d/projetos/tutorial_ros2/action_ws/src/action_tutorials_interfaces -DCMAKE_INSTALL_PREFIX=/mnt/d/projetos/tutorial_ros2/action_ws/install/action_tutorials_interfaces
[0.098s] -- Found ament_cmake: 0.9.8 (/opt/ros/foxy/share/ament_cmake/cmake)
[0.120s] -- Using PYTHON_EXECUTABLE: /usr/bin/python3
[0.361s] -- Found rosidl_default_generators: 1.0.0 (/opt/ros/foxy/share/rosidl_default_generators/cmake)
[0.383s] -- Using all available rosidl_typesupport_c: rosidl_typesupport_fastrtps_c;rosidl_typesupport_introspection_c
[0.398s] -- Found rosidl_adapter: 1.2.0 (/opt/ros/foxy/share/rosidl_adapter/cmake)
[1.016s] -- Found OpenSSL: /usr/lib/x86_64-linux-gnu/libcrypto.so (found version "1.1.1f")  
[1.509s] -- Found FastRTPS: /opt/ros/foxy/include  
[2.447s] -- Using all available rosidl_typesupport_cpp: rosidl_typesupport_fastrtps_cpp;rosidl_typesupport_introspection_cpp
[2.591s] -- Found PythonInterp: /usr/bin/python3 (found version "3.8.5") 
[3.383s] -- Found ament_cmake_ros: 0.9.0 (/opt/ros/foxy/share/ament_cmake_ros/cmake)
[6.581s] -- Using all available rosidl_typesupport_c: rosidl_typesupport_fastrtps_c;rosidl_typesupport_introspection_c
[7.688s] -- Using all available rosidl_typesupport_cpp: rosidl_typesupport_fastrtps_cpp;rosidl_typesupport_introspection_cpp
[7.713s] -- Found PythonInterp: /usr/bin/python3 (found suitable version "3.8.5", minimum required is "3.5") 
[7.715s] -- Found python_cmake_module: 0.8.0 (/opt/ros/foxy/share/python_cmake_module/cmake)
[7.882s] -- Found PythonLibs: /usr/lib/x86_64-linux-gnu/libpython3.8.so (found suitable version "3.8.5", minimum required is "3.5") 
[7.883s] -- Using PYTHON_EXECUTABLE: /usr/bin/python3
[7.884s] -- Using PYTHON_INCLUDE_DIRS: /usr/include/python3.8
[7.885s] -- Using PYTHON_LIBRARIES: /usr/lib/x86_64-linux-gnu/libpython3.8.so
[7.907s] -- Found PythonExtra: .so  
[8.441s] -- Found ament_lint_auto: 0.9.6 (/opt/ros/foxy/share/ament_lint_auto/cmake)
[8.981s] -- Added test 'copyright' to check source files copyright and LICENSE
[9.494s] -- Added test 'lint_cmake' to check CMake code style
[9.764s] -- Added test 'xmllint' to check XML markup files
[10.107s] -- Configuring done
[11.940s] -- Generating done
[12.188s] -- Build files have been written to: /mnt/d/projetos/tutorial_ros2/action_ws/build/action_tutorials_interfaces
[12.199s] Invoked command in '/mnt/d/projetos/tutorial_ros2/action_ws/build/action_tutorials_interfaces' returned '0': CMAKE_PREFIX_PATH=/opt/ros/foxy /usr/bin/cmake /mnt/d/projetos/tutorial_ros2/action_ws/src/action_tutorials_interfaces -DCMAKE_INSTALL_PREFIX=/mnt/d/projetos/tutorial_ros2/action_ws/install/action_tutorials_interfaces
[12.211s] Invoking command in '/mnt/d/projetos/tutorial_ros2/action_ws/build/action_tutorials_interfaces': CMAKE_PREFIX_PATH=/opt/ros/foxy /usr/bin/cmake --build /mnt/d/projetos/tutorial_ros2/action_ws/build/action_tutorials_interfaces -- -j8 -l8
[12.340s] make[1]: Warning: File 'CMakeFiles/Makefile2' has modification time 0.28 s in the future
[12.350s] make[2]: Warning: File 'CMakeFiles/action_tutorials_interfaces__cpp.dir/progress.make' has modification time 0.086 s in the future
[12.354s] make[2]: Warning: File 'CMakeFiles/action_tutorials_interfaces__rosidl_generator_c.dir/progress.make' has modification time 0.12 s in the future
[12.372s] [35m[1mScanning dependencies of target action_tutorials_interfaces__cpp[0m
[12.393s] [  3%] [34m[1mGenerating C code for ROS interfaces[0m
[12.399s] make[2]: warning:  Clock skew detected.  Your build may be incomplete.
[12.406s] make[2]: Warning: File 'CMakeFiles/action_tutorials_interfaces__cpp.dir/progress.make' has modification time 0.031 s in the future
[12.443s] [  6%] [34m[1mGenerating C++ code for ROS interfaces[0m
[12.912s] make[2]: warning:  Clock skew detected.  Your build may be incomplete.
[12.922s] [35m[1mScanning dependencies of target action_tutorials_interfaces__rosidl_generator_c[0m
[12.928s] [  6%] Built target action_tutorials_interfaces__cpp
[12.974s] [ 12%] [34m[1mGenerating C++ introspection for ROS interfaces[0m
[12.976s] [ 12%] [34m[1mGenerating C++ type support dispatch for ROS interfaces[0m
[12.987s] [ 16%] [34m[1mGenerating C++ type support for eProsima Fast-RTPS[0m
[13.070s] make[2]: warning:  Clock skew detected.  Your build may be incomplete.
[13.088s] make[2]: Warning: File 'CMakeFiles/action_tutorials_interfaces__rosidl_generator_c.dir/depend.make' has modification time 0.41 s in the future
[13.144s] [ 19%] [32mBuilding C object CMakeFiles/action_tutorials_interfaces__rosidl_generator_c.dir/rosidl_generator_c/action_tutorials_interfaces/action/detail/fibonacci__functions.c.o[0m
[13.403s] [35m[1mScanning dependencies of target action_tutorials_interfaces__rosidl_typesupport_cpp[0m
[13.445s] [ 22%] [32m[1mLinking C shared library libaction_tutorials_interfaces__rosidl_generator_c.so[0m
[13.503s] [35m[1mScanning dependencies of target action_tutorials_interfaces__rosidl_typesupport_introspection_cpp[0m
[13.563s] [35m[1mScanning dependencies of target action_tutorials_interfaces__rosidl_typesupport_fastrtps_cpp[0m
[13.614s] make[2]: warning:  Clock skew detected.  Your build may be incomplete.
[13.639s] [ 22%] Built target action_tutorials_interfaces__rosidl_generator_c
[13.676s] make[2]: Warning: File 'CMakeFiles/action_tutorials_interfaces__rosidl_typesupport_cpp.dir/depend.make' has modification time 0.35 s in the future
[13.695s] [ 29%] [34m[1mGenerating C introspection for ROS interfaces[0m
[13.699s] [ 29%] [34m[1mGenerating C type support dispatch for ROS interfaces[0m
[13.743s] [ 32%] [32mBuilding CXX object CMakeFiles/action_tutorials_interfaces__rosidl_typesupport_cpp.dir/rosidl_typesupport_cpp/action_tutorials_interfaces/action/fibonacci__type_support.cpp.o[0m
[13.789s] make[2]: Warning: File 'CMakeFiles/action_tutorials_interfaces__rosidl_typesupport_introspection_cpp.dir/depend.make' has modification time 0.33 s in the future
[13.849s] [ 35%] [32mBuilding CXX object CMakeFiles/action_tutorials_interfaces__rosidl_typesupport_introspection_cpp.dir/rosidl_typesupport_introspection_cpp/action_tutorials_interfaces/action/detail/fibonacci__type_support.cpp.o[0m
[14.117s] make[2]: Warning: File 'CMakeFiles/action_tutorials_interfaces__rosidl_typesupport_fastrtps_cpp.dir/depend.make' has modification time 0.27 s in the future
[14.173s] [35m[1mScanning dependencies of target action_tutorials_interfaces__rosidl_typesupport_c[0m
[14.257s] [ 38%] [32mBuilding CXX object CMakeFiles/action_tutorials_interfaces__rosidl_typesupport_fastrtps_cpp.dir/rosidl_typesupport_fastrtps_cpp/action_tutorials_interfaces/action/detail/dds_fastrtps/fibonacci__type_support.cpp.o[0m
[14.339s] [35m[1mScanning dependencies of target action_tutorials_interfaces__rosidl_typesupport_introspection_c[0m
[14.548s] make[2]: Warning: File 'CMakeFiles/action_tutorials_interfaces__rosidl_typesupport_c.dir/depend.make' has modification time 0.37 s in the future
[14.623s] [ 41%] [32m[1mLinking CXX shared library libaction_tutorials_interfaces__rosidl_typesupport_cpp.so[0m
[14.663s] [ 45%] [32mBuilding CXX object CMakeFiles/action_tutorials_interfaces__rosidl_typesupport_c.dir/rosidl_typesupport_c/action_tutorials_interfaces/action/fibonacci__type_support.cpp.o[0m
[14.708s] make[2]: Warning: File 'CMakeFiles/action_tutorials_interfaces__rosidl_typesupport_introspection_c.dir/depend.make' has modification time 0.35 s in the future
[14.801s] make[2]: warning:  Clock skew detected.  Your build may be incomplete.
[14.821s] [ 48%] [32mBuilding C object CMakeFiles/action_tutorials_interfaces__rosidl_typesupport_introspection_c.dir/rosidl_typesupport_introspection_c/action_tutorials_interfaces/action/detail/fibonacci__type_support.c.o[0m
[14.829s] [ 48%] Built target action_tutorials_interfaces__rosidl_typesupport_cpp
[14.851s] [ 51%] [32m[1mLinking CXX shared library libaction_tutorials_interfaces__rosidl_typesupport_introspection_cpp.so[0m
[15.034s] [ 54%] [32m[1mLinking CXX shared library libaction_tutorials_interfaces__rosidl_typesupport_c.so[0m
[15.180s] make[2]: warning:  Clock skew detected.  Your build may be incomplete.
[15.214s] [ 58%] [32m[1mLinking C shared library libaction_tutorials_interfaces__rosidl_typesupport_introspection_c.so[0m
[15.216s] make[2]: warning:  Clock skew detected.  Your build may be incomplete.
[15.230s] [ 58%] Built target action_tutorials_interfaces__rosidl_typesupport_introspection_cpp
[15.250s] [ 58%] Built target action_tutorials_interfaces__rosidl_typesupport_c
[15.372s] make[2]: warning:  Clock skew detected.  Your build may be incomplete.
[15.405s] [ 58%] Built target action_tutorials_interfaces__rosidl_typesupport_introspection_c
[15.730s] [ 61%] [32m[1mLinking CXX shared library libaction_tutorials_interfaces__rosidl_typesupport_fastrtps_cpp.so[0m
[15.996s] make[2]: warning:  Clock skew detected.  Your build may be incomplete.
[16.020s] [ 61%] Built target action_tutorials_interfaces__rosidl_typesupport_fastrtps_cpp
[16.065s] [ 64%] [34m[1mGenerating C type support for eProsima Fast-RTPS[0m
[16.509s] [35m[1mScanning dependencies of target action_tutorials_interfaces__rosidl_typesupport_fastrtps_c[0m
[16.885s] make[2]: Warning: File 'CMakeFiles/action_tutorials_interfaces__rosidl_typesupport_fastrtps_c.dir/depend.make' has modification time 0.37 s in the future
[16.957s] [ 67%] [32mBuilding CXX object CMakeFiles/action_tutorials_interfaces__rosidl_typesupport_fastrtps_c.dir/rosidl_typesupport_fastrtps_c/action_tutorials_interfaces/action/detail/fibonacci__type_support_c.cpp.o[0m
[17.998s] [ 70%] [32m[1mLinking CXX shared library libaction_tutorials_interfaces__rosidl_typesupport_fastrtps_c.so[0m
[18.213s] make[2]: warning:  Clock skew detected.  Your build may be incomplete.
[18.236s] [ 70%] Built target action_tutorials_interfaces__rosidl_typesupport_fastrtps_c
[18.266s] [35m[1mScanning dependencies of target action_tutorials_interfaces[0m
[18.320s] [ 70%] Built target action_tutorials_interfaces
[18.357s] [35m[1mScanning dependencies of target action_tutorials_interfaces__py[0m
[18.423s] [ 74%] [34m[1mGenerating Python code for ROS interfaces[0m
[19.696s] [ 74%] Built target action_tutorials_interfaces__py
[19.733s] [35m[1mScanning dependencies of target action_tutorials_interfaces__python[0m
[20.121s] make[2]: Warning: File 'CMakeFiles/action_tutorials_interfaces__python.dir/depend.make' has modification time 0.35 s in the future
[20.172s] [ 77%] [32mBuilding C object CMakeFiles/action_tutorials_interfaces__python.dir/rosidl_generator_py/action_tutorials_interfaces/action/_fibonacci_s.c.o[0m
[20.634s] [ 80%] [32m[1mLinking C shared library rosidl_generator_py/action_tutorials_interfaces/libaction_tutorials_interfaces__python.so[0m
[20.826s] make[2]: warning:  Clock skew detected.  Your build may be incomplete.
[20.846s] [ 80%] Built target action_tutorials_interfaces__python
[20.883s] [35m[1mScanning dependencies of target action_tutorials_interfaces__rosidl_typesupport_c__pyext[0m
[20.884s] [35m[1mScanning dependencies of target action_tutorials_interfaces__rosidl_typesupport_introspection_c__pyext[0m
[20.885s] [35m[1mScanning dependencies of target action_tutorials_interfaces__rosidl_typesupport_fastrtps_c__pyext[0m
[21.238s] make[2]: Warning: File 'CMakeFiles/action_tutorials_interfaces__rosidl_typesupport_c__pyext.dir/depend.make' has modification time 0.33 s in the future
[21.289s] make[2]: Warning: File 'CMakeFiles/action_tutorials_interfaces__rosidl_typesupport_introspection_c__pyext.dir/depend.make' has modification time 0.33 s in the future
[21.300s] [ 83%] [32mBuilding C object CMakeFiles/action_tutorials_interfaces__rosidl_typesupport_c__pyext.dir/rosidl_generator_py/action_tutorials_interfaces/_action_tutorials_interfaces_s.ep.rosidl_typesupport_c.c.o[0m
[21.352s] [ 87%] [32mBuilding C object CMakeFiles/action_tutorials_interfaces__rosidl_typesupport_introspection_c__pyext.dir/rosidl_generator_py/action_tutorials_interfaces/_action_tutorials_interfaces_s.ep.rosidl_typesupport_introspection_c.c.o[0m
[21.414s] make[2]: Warning: File 'CMakeFiles/action_tutorials_interfaces__rosidl_typesupport_fastrtps_c__pyext.dir/depend.make' has modification time 0.32 s in the future
[21.478s] [ 90%] [32mBuilding C object CMakeFiles/action_tutorials_interfaces__rosidl_typesupport_fastrtps_c__pyext.dir/rosidl_generator_py/action_tutorials_interfaces/_action_tutorials_interfaces_s.ep.rosidl_typesupport_fastrtps_c.c.o[0m
[21.755s] [ 93%] [32m[1mLinking C shared library rosidl_generator_py/action_tutorials_interfaces/action_tutorials_interfaces_s__rosidl_typesupport_c.cpython-38-x86_64-linux-gnu.so[0m
[21.880s] [ 96%] [32m[1mLinking C shared library rosidl_generator_py/action_tutorials_interfaces/action_tutorials_interfaces_s__rosidl_typesupport_introspection_c.cpython-38-x86_64-linux-gnu.so[0m
[21.999s] make[2]: warning:  Clock skew detected.  Your build may be incomplete.
[22.019s] [ 96%] Built target action_tutorials_interfaces__rosidl_typesupport_c__pyext
[22.067s] make[2]: warning:  Clock skew detected.  Your build may be incomplete.
[22.086s] [ 96%] Built target action_tutorials_interfaces__rosidl_typesupport_introspection_c__pyext
[22.164s] [100%] [32m[1mLinking CXX shared library rosidl_generator_py/action_tutorials_interfaces/action_tutorials_interfaces_s__rosidl_typesupport_fastrtps_c.cpython-38-x86_64-linux-gnu.so[0m
[22.464s] make[2]: warning:  Clock skew detected.  Your build may be incomplete.
[22.483s] [100%] Built target action_tutorials_interfaces__rosidl_typesupport_fastrtps_c__pyext
[22.484s] make[1]: warning:  Clock skew detected.  Your build may be incomplete.
[22.583s] Invoked command in '/mnt/d/projetos/tutorial_ros2/action_ws/build/action_tutorials_interfaces' returned '0': CMAKE_PREFIX_PATH=/opt/ros/foxy /usr/bin/cmake --build /mnt/d/projetos/tutorial_ros2/action_ws/build/action_tutorials_interfaces -- -j8 -l8
[22.683s] Invoking command in '/mnt/d/projetos/tutorial_ros2/action_ws/build/action_tutorials_interfaces': CMAKE_PREFIX_PATH=/opt/ros/foxy /usr/bin/cmake --install /mnt/d/projetos/tutorial_ros2/action_ws/build/action_tutorials_interfaces
[22.697s] -- Install configuration: ""
[22.725s] -- Installing: /mnt/d/projetos/tutorial_ros2/action_ws/install/action_tutorials_interfaces/share/ament_index/resource_index/rosidl_interfaces/action_tutorials_interfaces
[22.788s] -- Installing: /mnt/d/projetos/tutorial_ros2/action_ws/install/action_tutorials_interfaces/include/action_tutorials_interfaces
[22.803s] -- Installing: /mnt/d/projetos/tutorial_ros2/action_ws/install/action_tutorials_interfaces/include/action_tutorials_interfaces/action
[22.826s] -- Installing: /mnt/d/projetos/tutorial_ros2/action_ws/install/action_tutorials_interfaces/include/action_tutorials_interfaces/action/detail
[22.856s] -- Installing: /mnt/d/projetos/tutorial_ros2/action_ws/install/action_tutorials_interfaces/include/action_tutorials_interfaces/action/detail/fibonacci__functions.c
[22.930s] -- Installing: /mnt/d/projetos/tutorial_ros2/action_ws/install/action_tutorials_interfaces/include/action_tutorials_interfaces/action/detail/fibonacci__functions.h
[23.006s] -- Installing: /mnt/d/projetos/tutorial_ros2/action_ws/install/action_tutorials_interfaces/include/action_tutorials_interfaces/action/detail/fibonacci__struct.h
[23.077s] -- Installing: /mnt/d/projetos/tutorial_ros2/action_ws/install/action_tutorials_interfaces/include/action_tutorials_interfaces/action/detail/fibonacci__type_support.h
[23.142s] -- Installing: /mnt/d/projetos/tutorial_ros2/action_ws/install/action_tutorials_interfaces/include/action_tutorials_interfaces/action/fibonacci.h
[23.194s] -- Installing: /mnt/d/projetos/tutorial_ros2/action_ws/install/action_tutorials_interfaces/include/action_tutorials_interfaces/msg
[23.219s] -- Installing: /mnt/d/projetos/tutorial_ros2/action_ws/install/action_tutorials_interfaces/include/action_tutorials_interfaces/msg/rosidl_generator_c__visibility_control.h
[23.285s] -- Installing: /mnt/d/projetos/tutorial_ros2/action_ws/install/action_tutorials_interfaces/share/action_tutorials_interfaces/environment/library_path.sh
[23.330s] -- Installing: /mnt/d/projetos/tutorial_ros2/action_ws/install/action_tutorials_interfaces/share/action_tutorials_interfaces/environment/library_path.dsv
[23.383s] -- Installing: /mnt/d/projetos/tutorial_ros2/action_ws/install/action_tutorials_interfaces/lib/libaction_tutorials_interfaces__rosidl_generator_c.so
[23.461s] -- Set runtime path of "/mnt/d/projetos/tutorial_ros2/action_ws/install/action_tutorials_interfaces/lib/libaction_tutorials_interfaces__rosidl_generator_c.so" to ""
[23.468s] -- Up-to-date: /mnt/d/projetos/tutorial_ros2/action_ws/install/action_tutorials_interfaces/include/action_tutorials_interfaces
[23.483s] -- Up-to-date: /mnt/d/projetos/tutorial_ros2/action_ws/install/action_tutorials_interfaces/include/action_tutorials_interfaces/action
[23.500s] -- Up-to-date: /mnt/d/projetos/tutorial_ros2/action_ws/install/action_tutorials_interfaces/include/action_tutorials_interfaces/action/detail
[23.525s] -- Installing: /mnt/d/projetos/tutorial_ros2/action_ws/install/action_tutorials_interfaces/include/action_tutorials_interfaces/action/detail/fibonacci__rosidl_typesupport_fastrtps_c.h
[23.592s] -- Up-to-date: /mnt/d/projetos/tutorial_ros2/action_ws/install/action_tutorials_interfaces/include/action_tutorials_interfaces/msg
[23.613s] -- Installing: /mnt/d/projetos/tutorial_ros2/action_ws/install/action_tutorials_interfaces/include/action_tutorials_interfaces/msg/rosidl_typesupport_fastrtps_c__visibility_control.h
[23.668s] -- Installing: /mnt/d/projetos/tutorial_ros2/action_ws/install/action_tutorials_interfaces/lib/libaction_tutorials_interfaces__rosidl_typesupport_fastrtps_c.so
[23.750s] -- Set runtime path of "/mnt/d/projetos/tutorial_ros2/action_ws/install/action_tutorials_interfaces/lib/libaction_tutorials_interfaces__rosidl_typesupport_fastrtps_c.so" to ""
[23.759s] -- Up-to-date: /mnt/d/projetos/tutorial_ros2/action_ws/install/action_tutorials_interfaces/include/action_tutorials_interfaces
[23.773s] -- Up-to-date: /mnt/d/projetos/tutorial_ros2/action_ws/install/action_tutorials_interfaces/include/action_tutorials_interfaces/action
[23.792s] -- Up-to-date: /mnt/d/projetos/tutorial_ros2/action_ws/install/action_tutorials_interfaces/include/action_tutorials_interfaces/action/detail
[23.813s] -- Installing: /mnt/d/projetos/tutorial_ros2/action_ws/install/action_tutorials_interfaces/include/action_tutorials_interfaces/action/detail/dds_fastrtps
[23.848s] -- Installing: /mnt/d/projetos/tutorial_ros2/action_ws/install/action_tutorials_interfaces/include/action_tutorials_interfaces/action/detail/fibonacci__rosidl_typesupport_fastrtps_cpp.hpp
[23.914s] -- Up-to-date: /mnt/d/projetos/tutorial_ros2/action_ws/install/action_tutorials_interfaces/include/action_tutorials_interfaces/msg
[23.937s] -- Installing: /mnt/d/projetos/tutorial_ros2/action_ws/install/action_tutorials_interfaces/include/action_tutorials_interfaces/msg/rosidl_typesupport_fastrtps_cpp__visibility_control.h
[23.992s] -- Installing: /mnt/d/projetos/tutorial_ros2/action_ws/install/action_tutorials_interfaces/lib/libaction_tutorials_interfaces__rosidl_typesupport_fastrtps_cpp.so
[24.076s] -- Set runtime path of "/mnt/d/projetos/tutorial_ros2/action_ws/install/action_tutorials_interfaces/lib/libaction_tutorials_interfaces__rosidl_typesupport_fastrtps_cpp.so" to ""
[24.084s] -- Up-to-date: /mnt/d/projetos/tutorial_ros2/action_ws/install/action_tutorials_interfaces/include/action_tutorials_interfaces
[24.099s] -- Up-to-date: /mnt/d/projetos/tutorial_ros2/action_ws/install/action_tutorials_interfaces/include/action_tutorials_interfaces/action
[24.118s] -- Up-to-date: /mnt/d/projetos/tutorial_ros2/action_ws/install/action_tutorials_interfaces/include/action_tutorials_interfaces/action/detail
[24.143s] -- Installing: /mnt/d/projetos/tutorial_ros2/action_ws/install/action_tutorials_interfaces/include/action_tutorials_interfaces/action/detail/fibonacci__rosidl_typesupport_introspection_c.h
[24.209s] -- Installing: /mnt/d/projetos/tutorial_ros2/action_ws/install/action_tutorials_interfaces/include/action_tutorials_interfaces/action/detail/fibonacci__type_support.c
[24.279s] -- Up-to-date: /mnt/d/projetos/tutorial_ros2/action_ws/install/action_tutorials_interfaces/include/action_tutorials_interfaces/msg
[24.299s] -- Installing: /mnt/d/projetos/tutorial_ros2/action_ws/install/action_tutorials_interfaces/include/action_tutorials_interfaces/msg/rosidl_typesupport_introspection_c__visibility_control.h
[24.356s] -- Installing: /mnt/d/projetos/tutorial_ros2/action_ws/install/action_tutorials_interfaces/lib/libaction_tutorials_interfaces__rosidl_typesupport_introspection_c.so
[24.431s] -- Set runtime path of "/mnt/d/projetos/tutorial_ros2/action_ws/install/action_tutorials_interfaces/lib/libaction_tutorials_interfaces__rosidl_typesupport_introspection_c.so" to ""
[24.443s] -- Installing: /mnt/d/projetos/tutorial_ros2/action_ws/install/action_tutorials_interfaces/lib/libaction_tutorials_interfaces__rosidl_typesupport_c.so
[24.517s] -- Set runtime path of "/mnt/d/projetos/tutorial_ros2/action_ws/install/action_tutorials_interfaces/lib/libaction_tutorials_interfaces__rosidl_typesupport_c.so" to ""
[24.527s] -- Up-to-date: /mnt/d/projetos/tutorial_ros2/action_ws/install/action_tutorials_interfaces/include/action_tutorials_interfaces
[24.542s] -- Up-to-date: /mnt/d/projetos/tutorial_ros2/action_ws/install/action_tutorials_interfaces/include/action_tutorials_interfaces/action
[24.560s] -- Up-to-date: /mnt/d/projetos/tutorial_ros2/action_ws/install/action_tutorials_interfaces/include/action_tutorials_interfaces/action/detail
[24.584s] -- Installing: /mnt/d/projetos/tutorial_ros2/action_ws/install/action_tutorials_interfaces/include/action_tutorials_interfaces/action/detail/fibonacci__builder.hpp
[24.658s] -- Installing: /mnt/d/projetos/tutorial_ros2/action_ws/install/action_tutorials_interfaces/include/action_tutorials_interfaces/action/detail/fibonacci__struct.hpp
[24.731s] -- Installing: /mnt/d/projetos/tutorial_ros2/action_ws/install/action_tutorials_interfaces/include/action_tutorials_interfaces/action/detail/fibonacci__traits.hpp
[24.801s] -- Installing: /mnt/d/projetos/tutorial_ros2/action_ws/install/action_tutorials_interfaces/include/action_tutorials_interfaces/action/fibonacci.hpp
[24.919s] -- Up-to-date: /mnt/d/projetos/tutorial_ros2/action_ws/install/action_tutorials_interfaces/include/action_tutorials_interfaces
[24.934s] -- Up-to-date: /mnt/d/projetos/tutorial_ros2/action_ws/install/action_tutorials_interfaces/include/action_tutorials_interfaces/action
[24.953s] -- Up-to-date: /mnt/d/projetos/tutorial_ros2/action_ws/install/action_tutorials_interfaces/include/action_tutorials_interfaces/action/detail
[24.978s] -- Installing: /mnt/d/projetos/tutorial_ros2/action_ws/install/action_tutorials_interfaces/include/action_tutorials_interfaces/action/detail/fibonacci__rosidl_typesupport_introspection_cpp.hpp
[25.045s] -- Installing: /mnt/d/projetos/tutorial_ros2/action_ws/install/action_tutorials_interfaces/include/action_tutorials_interfaces/action/detail/fibonacci__type_support.cpp
[25.116s] -- Installing: /mnt/d/projetos/tutorial_ros2/action_ws/install/action_tutorials_interfaces/lib/libaction_tutorials_interfaces__rosidl_typesupport_introspection_cpp.so
[25.200s] -- Set runtime path of "/mnt/d/projetos/tutorial_ros2/action_ws/install/action_tutorials_interfaces/lib/libaction_tutorials_interfaces__rosidl_typesupport_introspection_cpp.so" to ""
[25.213s] -- Installing: /mnt/d/projetos/tutorial_ros2/action_ws/install/action_tutorials_interfaces/lib/libaction_tutorials_interfaces__rosidl_typesupport_cpp.so
[25.289s] -- Set runtime path of "/mnt/d/projetos/tutorial_ros2/action_ws/install/action_tutorials_interfaces/lib/libaction_tutorials_interfaces__rosidl_typesupport_cpp.so" to ""
[25.301s] -- Installing: /mnt/d/projetos/tutorial_ros2/action_ws/install/action_tutorials_interfaces/share/action_tutorials_interfaces/environment/pythonpath.sh
[25.356s] -- Installing: /mnt/d/projetos/tutorial_ros2/action_ws/install/action_tutorials_interfaces/share/action_tutorials_interfaces/environment/pythonpath.dsv
[25.421s] -- Installing: /mnt/d/projetos/tutorial_ros2/action_ws/install/action_tutorials_interfaces/lib/python3.8/site-packages/action_tutorials_interfaces/__init__.py
[25.551s] Compiling '/mnt/d/projetos/tutorial_ros2/action_ws/install/action_tutorials_interfaces/lib/python3.8/site-packages/action_tutorials_interfaces/__init__.py'...
[25.564s] -- Installing: /mnt/d/projetos/tutorial_ros2/action_ws/install/action_tutorials_interfaces/lib/python3.8/site-packages/action_tutorials_interfaces/action
[25.595s] -- Installing: /mnt/d/projetos/tutorial_ros2/action_ws/install/action_tutorials_interfaces/lib/python3.8/site-packages/action_tutorials_interfaces/action/_fibonacci.py
[25.677s] -- Installing: /mnt/d/projetos/tutorial_ros2/action_ws/install/action_tutorials_interfaces/lib/python3.8/site-packages/action_tutorials_interfaces/action/_fibonacci_s.c
[25.755s] -- Installing: /mnt/d/projetos/tutorial_ros2/action_ws/install/action_tutorials_interfaces/lib/python3.8/site-packages/action_tutorials_interfaces/action/__init__.py
[25.829s] -- Installing: /mnt/d/projetos/tutorial_ros2/action_ws/install/action_tutorials_interfaces/lib/python3.8/site-packages/action_tutorials_interfaces/action_tutorials_interfaces_s__rosidl_typesupport_fastrtps_c.cpython-38-x86_64-linux-gnu.so
[25.933s] -- Set runtime path of "/mnt/d/projetos/tutorial_ros2/action_ws/install/action_tutorials_interfaces/lib/python3.8/site-packages/action_tutorials_interfaces/action_tutorials_interfaces_s__rosidl_typesupport_fastrtps_c.cpython-38-x86_64-linux-gnu.so" to ""
[25.957s] -- Installing: /mnt/d/projetos/tutorial_ros2/action_ws/install/action_tutorials_interfaces/lib/python3.8/site-packages/action_tutorials_interfaces/action_tutorials_interfaces_s__rosidl_typesupport_introspection_c.cpython-38-x86_64-linux-gnu.so
[26.064s] -- Set runtime path of "/mnt/d/projetos/tutorial_ros2/action_ws/install/action_tutorials_interfaces/lib/python3.8/site-packages/action_tutorials_interfaces/action_tutorials_interfaces_s__rosidl_typesupport_introspection_c.cpython-38-x86_64-linux-gnu.so" to ""
[26.086s] -- Installing: /mnt/d/projetos/tutorial_ros2/action_ws/install/action_tutorials_interfaces/lib/python3.8/site-packages/action_tutorials_interfaces/action_tutorials_interfaces_s__rosidl_typesupport_c.cpython-38-x86_64-linux-gnu.so
[26.190s] -- Set runtime path of "/mnt/d/projetos/tutorial_ros2/action_ws/install/action_tutorials_interfaces/lib/python3.8/site-packages/action_tutorials_interfaces/action_tutorials_interfaces_s__rosidl_typesupport_c.cpython-38-x86_64-linux-gnu.so" to ""
[26.205s] -- Installing: /mnt/d/projetos/tutorial_ros2/action_ws/install/action_tutorials_interfaces/lib/libaction_tutorials_interfaces__python.so
[26.289s] -- Set runtime path of "/mnt/d/projetos/tutorial_ros2/action_ws/install/action_tutorials_interfaces/lib/libaction_tutorials_interfaces__python.so" to ""
[26.314s] -- Installing: /mnt/d/projetos/tutorial_ros2/action_ws/install/action_tutorials_interfaces/share/action_tutorials_interfaces/action/Fibonacci.idl
[26.383s] -- Installing: /mnt/d/projetos/tutorial_ros2/action_ws/install/action_tutorials_interfaces/share/action_tutorials_interfaces/action/Fibonacci.action
[26.458s] -- Installing: /mnt/d/projetos/tutorial_ros2/action_ws/install/action_tutorials_interfaces/share/ament_index/resource_index/package_run_dependencies/action_tutorials_interfaces
[26.540s] -- Installing: /mnt/d/projetos/tutorial_ros2/action_ws/install/action_tutorials_interfaces/share/ament_index/resource_index/parent_prefix_path/action_tutorials_interfaces
[26.600s] -- Installing: /mnt/d/projetos/tutorial_ros2/action_ws/install/action_tutorials_interfaces/share/action_tutorials_interfaces/environment/ament_prefix_path.sh
[26.649s] -- Installing: /mnt/d/projetos/tutorial_ros2/action_ws/install/action_tutorials_interfaces/share/action_tutorials_interfaces/environment/ament_prefix_path.dsv
[26.703s] -- Installing: /mnt/d/projetos/tutorial_ros2/action_ws/install/action_tutorials_interfaces/share/action_tutorials_interfaces/environment/path.sh
[26.750s] -- Installing: /mnt/d/projetos/tutorial_ros2/action_ws/install/action_tutorials_interfaces/share/action_tutorials_interfaces/environment/path.dsv
[26.800s] -- Installing: /mnt/d/projetos/tutorial_ros2/action_ws/install/action_tutorials_interfaces/share/action_tutorials_interfaces/local_setup.bash
[26.846s] -- Installing: /mnt/d/projetos/tutorial_ros2/action_ws/install/action_tutorials_interfaces/share/action_tutorials_interfaces/local_setup.sh
[26.892s] -- Installing: /mnt/d/projetos/tutorial_ros2/action_ws/install/action_tutorials_interfaces/share/action_tutorials_interfaces/local_setup.zsh
[26.941s] -- Installing: /mnt/d/projetos/tutorial_ros2/action_ws/install/action_tutorials_interfaces/share/action_tutorials_interfaces/local_setup.dsv
[26.987s] -- Installing: /mnt/d/projetos/tutorial_ros2/action_ws/install/action_tutorials_interfaces/share/action_tutorials_interfaces/package.dsv
[27.052s] -- Installing: /mnt/d/projetos/tutorial_ros2/action_ws/install/action_tutorials_interfaces/share/ament_index/resource_index/packages/action_tutorials_interfaces
[27.131s] -- Installing: /mnt/d/projetos/tutorial_ros2/action_ws/install/action_tutorials_interfaces/share/action_tutorials_interfaces/cmake/action_tutorials_interfaces__rosidl_generator_cExport.cmake
[27.197s] -- Installing: /mnt/d/projetos/tutorial_ros2/action_ws/install/action_tutorials_interfaces/share/action_tutorials_interfaces/cmake/action_tutorials_interfaces__rosidl_generator_cExport-noconfig.cmake
[27.266s] -- Installing: /mnt/d/projetos/tutorial_ros2/action_ws/install/action_tutorials_interfaces/share/action_tutorials_interfaces/cmake/action_tutorials_interfaces__rosidl_typesupport_introspection_cExport.cmake
[27.331s] -- Installing: /mnt/d/projetos/tutorial_ros2/action_ws/install/action_tutorials_interfaces/share/action_tutorials_interfaces/cmake/action_tutorials_interfaces__rosidl_typesupport_introspection_cExport-noconfig.cmake
[27.401s] -- Installing: /mnt/d/projetos/tutorial_ros2/action_ws/install/action_tutorials_interfaces/share/action_tutorials_interfaces/cmake/action_tutorials_interfaces__rosidl_typesupport_cExport.cmake
[27.469s] -- Installing: /mnt/d/projetos/tutorial_ros2/action_ws/install/action_tutorials_interfaces/share/action_tutorials_interfaces/cmake/action_tutorials_interfaces__rosidl_typesupport_cExport-noconfig.cmake
[27.538s] -- Installing: /mnt/d/projetos/tutorial_ros2/action_ws/install/action_tutorials_interfaces/share/action_tutorials_interfaces/cmake/action_tutorials_interfaces__rosidl_generator_cppExport.cmake
[27.609s] -- Installing: /mnt/d/projetos/tutorial_ros2/action_ws/install/action_tutorials_interfaces/share/action_tutorials_interfaces/cmake/action_tutorials_interfaces__rosidl_typesupport_introspection_cppExport.cmake
[27.678s] -- Installing: /mnt/d/projetos/tutorial_ros2/action_ws/install/action_tutorials_interfaces/share/action_tutorials_interfaces/cmake/action_tutorials_interfaces__rosidl_typesupport_introspection_cppExport-noconfig.cmake
[27.746s] -- Installing: /mnt/d/projetos/tutorial_ros2/action_ws/install/action_tutorials_interfaces/share/action_tutorials_interfaces/cmake/action_tutorials_interfaces__rosidl_typesupport_cppExport.cmake
[27.813s] -- Installing: /mnt/d/projetos/tutorial_ros2/action_ws/install/action_tutorials_interfaces/share/action_tutorials_interfaces/cmake/action_tutorials_interfaces__rosidl_typesupport_cppExport-noconfig.cmake
[27.875s] -- Installing: /mnt/d/projetos/tutorial_ros2/action_ws/install/action_tutorials_interfaces/share/action_tutorials_interfaces/cmake/rosidl_cmake-extras.cmake
[27.927s] -- Installing: /mnt/d/projetos/tutorial_ros2/action_ws/install/action_tutorials_interfaces/share/action_tutorials_interfaces/cmake/ament_cmake_export_dependencies-extras.cmake
[27.981s] -- Installing: /mnt/d/projetos/tutorial_ros2/action_ws/install/action_tutorials_interfaces/share/action_tutorials_interfaces/cmake/ament_cmake_export_libraries-extras.cmake
[28.033s] -- Installing: /mnt/d/projetos/tutorial_ros2/action_ws/install/action_tutorials_interfaces/share/action_tutorials_interfaces/cmake/ament_cmake_export_targets-extras.cmake
[28.085s] -- Installing: /mnt/d/projetos/tutorial_ros2/action_ws/install/action_tutorials_interfaces/share/action_tutorials_interfaces/cmake/ament_cmake_export_include_directories-extras.cmake
[28.138s] -- Installing: /mnt/d/projetos/tutorial_ros2/action_ws/install/action_tutorials_interfaces/share/action_tutorials_interfaces/cmake/rosidl_cmake_export_typesupport_libraries-extras.cmake
[28.191s] -- Installing: /mnt/d/projetos/tutorial_ros2/action_ws/install/action_tutorials_interfaces/share/action_tutorials_interfaces/cmake/rosidl_cmake_export_typesupport_targets-extras.cmake
[28.253s] -- Installing: /mnt/d/projetos/tutorial_ros2/action_ws/install/action_tutorials_interfaces/share/action_tutorials_interfaces/cmake/action_tutorials_interfacesConfig.cmake
[28.301s] -- Installing: /mnt/d/projetos/tutorial_ros2/action_ws/install/action_tutorials_interfaces/share/action_tutorials_interfaces/cmake/action_tutorials_interfacesConfig-version.cmake
[28.354s] -- Installing: /mnt/d/projetos/tutorial_ros2/action_ws/install/action_tutorials_interfaces/share/action_tutorials_interfaces/package.xml
[28.411s] Invoked command in '/mnt/d/projetos/tutorial_ros2/action_ws/build/action_tutorials_interfaces' returned '0': CMAKE_PREFIX_PATH=/opt/ros/foxy /usr/bin/cmake --install /mnt/d/projetos/tutorial_ros2/action_ws/build/action_tutorials_interfaces
