[0.200s] DEBUG:colcon:Command line arguments: ['/usr/bin/colcon', 'build']
[0.201s] DEBUG:colcon:Parsed command line arguments: Namespace(ament_cmake_args=None, base_paths=['.'], build_base='build', catkin_cmake_args=None, catkin_skip_building_tests=False, cmake_args=None, cmake_clean_cache=False, cmake_clean_first=False, cmake_force_configure=False, cmake_target=None, cmake_target_skip_unavailable=False, continue_on_error=False, event_handlers=None, executor='parallel', ignore_user_meta=False, install_base='install', log_base=None, log_level=None, main=<bound method BuildVerb.main of <colcon_core.verb.build.BuildVerb object at 0x7ffa0d7fb550>>, merge_install=False, metas=['./colcon.meta'], packages_above=None, packages_above_and_dependencies=None, packages_above_depth=None, packages_end=None, packages_ignore=None, packages_ignore_regex=None, packages_select=None, packages_select_build_failed=False, packages_select_by_dep=None, packages_select_regex=None, packages_select_test_failures=False, packages_skip=None, packages_skip_build_finished=False, packages_skip_by_dep=None, packages_skip_regex=None, packages_skip_test_passed=False, packages_skip_up_to=None, packages_start=None, packages_up_to=None, packages_up_to_regex=None, parallel_workers=8, paths=None, symlink_install=False, test_result_base=None, verb_extension=<colcon_core.verb.build.BuildVerb object at 0x7ffa0d7fb550>, verb_name='build', verb_parser=<colcon_defaults.argument_parser.defaults.DefaultArgumentsDecorator object at 0x7ffa0d7fba90>)
[0.216s] Level 1:colcon.colcon_core.package_discovery:discover_packages(colcon_meta) check parameters
[0.217s] Level 1:colcon.colcon_core.package_discovery:discover_packages(recursive) check parameters
[0.217s] Level 1:colcon.colcon_core.package_discovery:discover_packages(ignore) check parameters
[0.217s] Level 1:colcon.colcon_core.package_discovery:discover_packages(path) check parameters
[0.218s] Level 1:colcon.colcon_core.package_discovery:discover_packages(colcon_meta) discover
[0.218s] Level 1:colcon.colcon_core.package_discovery:discover_packages(recursive) discover
[0.218s] INFO:colcon.colcon_core.package_discovery:Crawling recursively for packages in '/mnt/d/projetos/tutorial_ros2/action_ws'
[0.220s] Level 1:colcon.colcon_core.package_identification:_identify(.) by extensions ['ignore', 'ignore_ament_install']
[0.220s] Level 1:colcon.colcon_core.package_identification:_identify(.) by extension 'ignore'
[0.221s] Level 1:colcon.colcon_core.package_identification:_identify(.) by extension 'ignore_ament_install'
[0.221s] Level 1:colcon.colcon_core.package_identification:_identify(.) by extensions ['colcon_pkg']
[0.221s] Level 1:colcon.colcon_core.package_identification:_identify(.) by extension 'colcon_pkg'
[0.222s] Level 1:colcon.colcon_core.package_identification:_identify(.) by extensions ['colcon_meta']
[0.222s] Level 1:colcon.colcon_core.package_identification:_identify(.) by extension 'colcon_meta'
[0.222s] Level 1:colcon.colcon_core.package_identification:_identify(.) by extensions ['ros']
[0.222s] Level 1:colcon.colcon_core.package_identification:_identify(.) by extension 'ros'
[0.234s] Level 1:colcon.colcon_core.package_identification:_identify(.) by extensions ['cmake', 'python']
[0.234s] Level 1:colcon.colcon_core.package_identification:_identify(.) by extension 'cmake'
[0.235s] Level 1:colcon.colcon_core.package_identification:_identify(.) by extension 'python'
[0.236s] Level 1:colcon.colcon_core.package_identification:_identify(.) by extensions ['python_setup_py']
[0.236s] Level 1:colcon.colcon_core.package_identification:_identify(.) by extension 'python_setup_py'
[0.239s] Level 1:colcon.colcon_core.package_identification:_identify(build) by extensions ['ignore', 'ignore_ament_install']
[0.239s] Level 1:colcon.colcon_core.package_identification:_identify(build) by extension 'ignore'
[0.240s] Level 1:colcon.colcon_core.package_identification:_identify(build) ignored
[0.243s] Level 1:colcon.colcon_core.package_identification:_identify(install) by extensions ['ignore', 'ignore_ament_install']
[0.243s] Level 1:colcon.colcon_core.package_identification:_identify(install) by extension 'ignore'
[0.244s] Level 1:colcon.colcon_core.package_identification:_identify(install) ignored
[0.247s] Level 1:colcon.colcon_core.package_identification:_identify(log) by extensions ['ignore', 'ignore_ament_install']
[0.248s] Level 1:colcon.colcon_core.package_identification:_identify(log) by extension 'ignore'
[0.248s] Level 1:colcon.colcon_core.package_identification:_identify(log) ignored
[0.250s] Level 1:colcon.colcon_core.package_identification:_identify(src) by extensions ['ignore', 'ignore_ament_install']
[0.251s] Level 1:colcon.colcon_core.package_identification:_identify(src) by extension 'ignore'
[0.251s] Level 1:colcon.colcon_core.package_identification:_identify(src) by extension 'ignore_ament_install'
[0.253s] Level 1:colcon.colcon_core.package_identification:_identify(src) by extensions ['colcon_pkg']
[0.253s] Level 1:colcon.colcon_core.package_identification:_identify(src) by extension 'colcon_pkg'
[0.254s] Level 1:colcon.colcon_core.package_identification:_identify(src) by extensions ['colcon_meta']
[0.254s] Level 1:colcon.colcon_core.package_identification:_identify(src) by extension 'colcon_meta'
[0.255s] Level 1:colcon.colcon_core.package_identification:_identify(src) by extensions ['ros']
[0.255s] Level 1:colcon.colcon_core.package_identification:_identify(src) by extension 'ros'
[0.258s] Level 1:colcon.colcon_core.package_identification:_identify(src) by extensions ['cmake', 'python']
[0.258s] Level 1:colcon.colcon_core.package_identification:_identify(src) by extension 'cmake'
[0.259s] Level 1:colcon.colcon_core.package_identification:_identify(src) by extension 'python'
[0.259s] Level 1:colcon.colcon_core.package_identification:_identify(src) by extensions ['python_setup_py']
[0.259s] Level 1:colcon.colcon_core.package_identification:_identify(src) by extension 'python_setup_py'
[0.263s] Level 1:colcon.colcon_core.package_identification:_identify(src/action_tutorials_interfaces) by extensions ['ignore', 'ignore_ament_install']
[0.263s] Level 1:colcon.colcon_core.package_identification:_identify(src/action_tutorials_interfaces) by extension 'ignore'
[0.265s] Level 1:colcon.colcon_core.package_identification:_identify(src/action_tutorials_interfaces) by extension 'ignore_ament_install'
[0.267s] Level 1:colcon.colcon_core.package_identification:_identify(src/action_tutorials_interfaces) by extensions ['colcon_pkg']
[0.267s] Level 1:colcon.colcon_core.package_identification:_identify(src/action_tutorials_interfaces) by extension 'colcon_pkg'
[0.268s] Level 1:colcon.colcon_core.package_identification:_identify(src/action_tutorials_interfaces) by extensions ['colcon_meta']
[0.268s] Level 1:colcon.colcon_core.package_identification:_identify(src/action_tutorials_interfaces) by extension 'colcon_meta'
[0.270s] Level 1:colcon.colcon_core.package_identification:_identify(src/action_tutorials_interfaces) by extensions ['ros']
[0.270s] Level 1:colcon.colcon_core.package_identification:_identify(src/action_tutorials_interfaces) by extension 'ros'
[0.282s] DEBUG:colcon.colcon_core.package_identification:Package 'src/action_tutorials_interfaces' with type 'ros.ament_cmake' and name 'action_tutorials_interfaces'
[0.283s] Level 1:colcon.colcon_core.package_discovery:discover_packages(recursive) using defaults
[0.283s] Level 1:colcon.colcon_core.package_discovery:discover_packages(ignore) discover
[0.283s] Level 1:colcon.colcon_core.package_discovery:discover_packages(ignore) using defaults
[0.283s] Level 1:colcon.colcon_core.package_discovery:discover_packages(path) discover
[0.284s] Level 1:colcon.colcon_core.package_discovery:discover_packages(path) using defaults
[0.306s] Level 5:colcon.colcon_core.verb:set package 'action_tutorials_interfaces' build argument 'cmake_args' from command line to 'None'
[0.307s] Level 5:colcon.colcon_core.verb:set package 'action_tutorials_interfaces' build argument 'cmake_target' from command line to 'None'
[0.307s] Level 5:colcon.colcon_core.verb:set package 'action_tutorials_interfaces' build argument 'cmake_target_skip_unavailable' from command line to 'False'
[0.307s] Level 5:colcon.colcon_core.verb:set package 'action_tutorials_interfaces' build argument 'cmake_clean_cache' from command line to 'False'
[0.307s] Level 5:colcon.colcon_core.verb:set package 'action_tutorials_interfaces' build argument 'cmake_clean_first' from command line to 'False'
[0.308s] Level 5:colcon.colcon_core.verb:set package 'action_tutorials_interfaces' build argument 'cmake_force_configure' from command line to 'False'
[0.308s] Level 5:colcon.colcon_core.verb:set package 'action_tutorials_interfaces' build argument 'ament_cmake_args' from command line to 'None'
[0.308s] Level 5:colcon.colcon_core.verb:set package 'action_tutorials_interfaces' build argument 'catkin_cmake_args' from command line to 'None'
[0.308s] Level 5:colcon.colcon_core.verb:set package 'action_tutorials_interfaces' build argument 'catkin_skip_building_tests' from command line to 'False'
[0.309s] DEBUG:colcon.colcon_core.verb:Building package 'action_tutorials_interfaces' with the following arguments: {'ament_cmake_args': None, 'build_base': '/mnt/d/projetos/tutorial_ros2/action_ws/build/action_tutorials_interfaces', 'catkin_cmake_args': None, 'catkin_skip_building_tests': False, 'cmake_args': None, 'cmake_clean_cache': False, 'cmake_clean_first': False, 'cmake_force_configure': False, 'cmake_target': None, 'cmake_target_skip_unavailable': False, 'install_base': '/mnt/d/projetos/tutorial_ros2/action_ws/install/action_tutorials_interfaces', 'merge_install': False, 'path': '/mnt/d/projetos/tutorial_ros2/action_ws/src/action_tutorials_interfaces', 'symlink_install': False, 'test_result_base': None}
[0.309s] INFO:colcon.colcon_core.executor:Executing jobs using 'parallel' executor
[0.311s] DEBUG:colcon.colcon_parallel_executor.executor.parallel:run_until_complete
[0.312s] INFO:colcon.colcon_ros.task.ament_cmake.build:Building ROS package in '/mnt/d/projetos/tutorial_ros2/action_ws/src/action_tutorials_interfaces' with build type 'ament_cmake'
[0.312s] INFO:colcon.colcon_cmake.task.cmake.build:Building CMake package in '/mnt/d/projetos/tutorial_ros2/action_ws/src/action_tutorials_interfaces'
[0.318s] INFO:colcon.colcon_core.plugin_system:Skipping extension 'colcon_core.shell.bat': Not used on non-Windows systems
[0.318s] INFO:colcon.colcon_core.shell:Skip shell extension 'powershell' for command environment: Not usable outside of PowerShell
[0.318s] DEBUG:colcon.colcon_core.shell:Skip shell extension 'dsv' for command environment
[0.321s] DEBUG:colcon.colcon_core.shell:Ignoring prefix path '/opt/ros/foxy'
[0.367s] DEBUG:colcon.colcon_core.event_handler.log_command:Invoking command in '/mnt/d/projetos/tutorial_ros2/action_ws/build/action_tutorials_interfaces': CMAKE_PREFIX_PATH=/opt/ros/foxy /usr/bin/cmake /mnt/d/projetos/tutorial_ros2/action_ws/src/action_tutorials_interfaces -DCMAKE_INSTALL_PREFIX=/mnt/d/projetos/tutorial_ros2/action_ws/install/action_tutorials_interfaces
[12.515s] DEBUG:colcon.colcon_core.event_handler.log_command:Invoked command in '/mnt/d/projetos/tutorial_ros2/action_ws/build/action_tutorials_interfaces' returned '0': CMAKE_PREFIX_PATH=/opt/ros/foxy /usr/bin/cmake /mnt/d/projetos/tutorial_ros2/action_ws/src/action_tutorials_interfaces -DCMAKE_INSTALL_PREFIX=/mnt/d/projetos/tutorial_ros2/action_ws/install/action_tutorials_interfaces
[12.527s] DEBUG:colcon.colcon_core.event_handler.log_command:Invoking command in '/mnt/d/projetos/tutorial_ros2/action_ws/build/action_tutorials_interfaces': CMAKE_PREFIX_PATH=/opt/ros/foxy /usr/bin/cmake --build /mnt/d/projetos/tutorial_ros2/action_ws/build/action_tutorials_interfaces -- -j8 -l8
[22.899s] DEBUG:colcon.colcon_core.event_handler.log_command:Invoked command in '/mnt/d/projetos/tutorial_ros2/action_ws/build/action_tutorials_interfaces' returned '0': CMAKE_PREFIX_PATH=/opt/ros/foxy /usr/bin/cmake --build /mnt/d/projetos/tutorial_ros2/action_ws/build/action_tutorials_interfaces -- -j8 -l8
[22.999s] DEBUG:colcon.colcon_core.event_handler.log_command:Invoking command in '/mnt/d/projetos/tutorial_ros2/action_ws/build/action_tutorials_interfaces': CMAKE_PREFIX_PATH=/opt/ros/foxy /usr/bin/cmake --install /mnt/d/projetos/tutorial_ros2/action_ws/build/action_tutorials_interfaces
[28.726s] Level 1:colcon.colcon_core.environment:create_environment_scripts_only(action_tutorials_interfaces)
[28.727s] DEBUG:colcon.colcon_core.event_handler.log_command:Invoked command in '/mnt/d/projetos/tutorial_ros2/action_ws/build/action_tutorials_interfaces' returned '0': CMAKE_PREFIX_PATH=/opt/ros/foxy /usr/bin/cmake --install /mnt/d/projetos/tutorial_ros2/action_ws/build/action_tutorials_interfaces
[28.730s] Level 1:colcon.colcon_core.environment:checking '/mnt/d/projetos/tutorial_ros2/action_ws/install/action_tutorials_interfaces' for CMake module files
[28.873s] Level 1:colcon.colcon_core.environment:checking '/mnt/d/projetos/tutorial_ros2/action_ws/install/action_tutorials_interfaces' for CMake config files
[28.945s] Level 1:colcon.colcon_core.shell:create_environment_hook('action_tutorials_interfaces', 'cmake_prefix_path')
[28.946s] INFO:colcon.colcon_core.shell:Creating environment hook '/mnt/d/projetos/tutorial_ros2/action_ws/install/action_tutorials_interfaces/share/action_tutorials_interfaces/hook/cmake_prefix_path.ps1'
[28.963s] INFO:colcon.colcon_core.shell:Creating environment descriptor '/mnt/d/projetos/tutorial_ros2/action_ws/install/action_tutorials_interfaces/share/action_tutorials_interfaces/hook/cmake_prefix_path.dsv'
[28.977s] INFO:colcon.colcon_core.shell:Creating environment hook '/mnt/d/projetos/tutorial_ros2/action_ws/install/action_tutorials_interfaces/share/action_tutorials_interfaces/hook/cmake_prefix_path.sh'
[28.992s] Level 1:colcon.colcon_core.environment:checking '/mnt/d/projetos/tutorial_ros2/action_ws/install/action_tutorials_interfaces/lib'
[28.996s] Level 1:colcon.colcon_core.shell:create_environment_hook('action_tutorials_interfaces', 'ld_library_path_lib')
[28.997s] INFO:colcon.colcon_core.shell:Creating environment hook '/mnt/d/projetos/tutorial_ros2/action_ws/install/action_tutorials_interfaces/share/action_tutorials_interfaces/hook/ld_library_path_lib.ps1'
[29.008s] INFO:colcon.colcon_core.shell:Creating environment descriptor '/mnt/d/projetos/tutorial_ros2/action_ws/install/action_tutorials_interfaces/share/action_tutorials_interfaces/hook/ld_library_path_lib.dsv'
[29.020s] INFO:colcon.colcon_core.shell:Creating environment hook '/mnt/d/projetos/tutorial_ros2/action_ws/install/action_tutorials_interfaces/share/action_tutorials_interfaces/hook/ld_library_path_lib.sh'
[29.036s] Level 1:colcon.colcon_core.environment:checking '/mnt/d/projetos/tutorial_ros2/action_ws/install/action_tutorials_interfaces/bin'
[29.038s] Level 1:colcon.colcon_core.environment:checking '/mnt/d/projetos/tutorial_ros2/action_ws/install/action_tutorials_interfaces/lib/pkgconfig/action_tutorials_interfaces.pc'
[29.040s] Level 1:colcon.colcon_core.environment:checking '/mnt/d/projetos/tutorial_ros2/action_ws/install/action_tutorials_interfaces/lib/python3.8/site-packages'
[29.042s] Level 1:colcon.colcon_core.shell:create_environment_hook('action_tutorials_interfaces', 'pythonpath')
[29.042s] INFO:colcon.colcon_core.shell:Creating environment hook '/mnt/d/projetos/tutorial_ros2/action_ws/install/action_tutorials_interfaces/share/action_tutorials_interfaces/hook/pythonpath.ps1'
[29.069s] INFO:colcon.colcon_core.shell:Creating environment descriptor '/mnt/d/projetos/tutorial_ros2/action_ws/install/action_tutorials_interfaces/share/action_tutorials_interfaces/hook/pythonpath.dsv'
[29.082s] INFO:colcon.colcon_core.shell:Creating environment hook '/mnt/d/projetos/tutorial_ros2/action_ws/install/action_tutorials_interfaces/share/action_tutorials_interfaces/hook/pythonpath.sh'
[29.098s] INFO:colcon.colcon_core.shell:Creating package script '/mnt/d/projetos/tutorial_ros2/action_ws/install/action_tutorials_interfaces/share/action_tutorials_interfaces/package.ps1'
[29.116s] INFO:colcon.colcon_core.shell:Creating package descriptor '/mnt/d/projetos/tutorial_ros2/action_ws/install/action_tutorials_interfaces/share/action_tutorials_interfaces/package.dsv'
[29.132s] INFO:colcon.colcon_core.shell:Creating package script '/mnt/d/projetos/tutorial_ros2/action_ws/install/action_tutorials_interfaces/share/action_tutorials_interfaces/package.sh'
[29.151s] INFO:colcon.colcon_core.shell:Creating package script '/mnt/d/projetos/tutorial_ros2/action_ws/install/action_tutorials_interfaces/share/action_tutorials_interfaces/package.bash'
[29.164s] INFO:colcon.colcon_core.shell:Creating package script '/mnt/d/projetos/tutorial_ros2/action_ws/install/action_tutorials_interfaces/share/action_tutorials_interfaces/package.zsh'
[29.179s] Level 1:colcon.colcon_core.environment:create_file_with_runtime_dependencies(/mnt/d/projetos/tutorial_ros2/action_ws/install/action_tutorials_interfaces/share/colcon-core/packages/action_tutorials_interfaces)
[29.269s] Level 1:colcon.colcon_core.environment:create_environment_scripts_only(action_tutorials_interfaces)
[29.270s] Level 1:colcon.colcon_core.environment:checking '/mnt/d/projetos/tutorial_ros2/action_ws/install/action_tutorials_interfaces' for CMake module files
[29.414s] Level 1:colcon.colcon_core.environment:checking '/mnt/d/projetos/tutorial_ros2/action_ws/install/action_tutorials_interfaces' for CMake config files
[29.490s] Level 1:colcon.colcon_core.shell:create_environment_hook('action_tutorials_interfaces', 'cmake_prefix_path')
[29.491s] INFO:colcon.colcon_core.shell:Creating environment hook '/mnt/d/projetos/tutorial_ros2/action_ws/install/action_tutorials_interfaces/share/action_tutorials_interfaces/hook/cmake_prefix_path.ps1'
[29.503s] INFO:colcon.colcon_core.shell:Creating environment descriptor '/mnt/d/projetos/tutorial_ros2/action_ws/install/action_tutorials_interfaces/share/action_tutorials_interfaces/hook/cmake_prefix_path.dsv'
[29.515s] INFO:colcon.colcon_core.shell:Creating environment hook '/mnt/d/projetos/tutorial_ros2/action_ws/install/action_tutorials_interfaces/share/action_tutorials_interfaces/hook/cmake_prefix_path.sh'
[29.529s] Level 1:colcon.colcon_core.environment:checking '/mnt/d/projetos/tutorial_ros2/action_ws/install/action_tutorials_interfaces/lib'
[29.532s] Level 1:colcon.colcon_core.shell:create_environment_hook('action_tutorials_interfaces', 'ld_library_path_lib')
[29.533s] INFO:colcon.colcon_core.shell:Creating environment hook '/mnt/d/projetos/tutorial_ros2/action_ws/install/action_tutorials_interfaces/share/action_tutorials_interfaces/hook/ld_library_path_lib.ps1'
[29.545s] INFO:colcon.colcon_core.shell:Creating environment descriptor '/mnt/d/projetos/tutorial_ros2/action_ws/install/action_tutorials_interfaces/share/action_tutorials_interfaces/hook/ld_library_path_lib.dsv'
[29.560s] INFO:colcon.colcon_core.shell:Creating environment hook '/mnt/d/projetos/tutorial_ros2/action_ws/install/action_tutorials_interfaces/share/action_tutorials_interfaces/hook/ld_library_path_lib.sh'
[29.572s] Level 1:colcon.colcon_core.environment:checking '/mnt/d/projetos/tutorial_ros2/action_ws/install/action_tutorials_interfaces/bin'
[29.573s] Level 1:colcon.colcon_core.environment:checking '/mnt/d/projetos/tutorial_ros2/action_ws/install/action_tutorials_interfaces/lib/pkgconfig/action_tutorials_interfaces.pc'
[29.574s] Level 1:colcon.colcon_core.environment:checking '/mnt/d/projetos/tutorial_ros2/action_ws/install/action_tutorials_interfaces/lib/python3.8/site-packages'
[29.576s] Level 1:colcon.colcon_core.shell:create_environment_hook('action_tutorials_interfaces', 'pythonpath')
[29.577s] INFO:colcon.colcon_core.shell:Creating environment hook '/mnt/d/projetos/tutorial_ros2/action_ws/install/action_tutorials_interfaces/share/action_tutorials_interfaces/hook/pythonpath.ps1'
[29.588s] INFO:colcon.colcon_core.shell:Creating environment descriptor '/mnt/d/projetos/tutorial_ros2/action_ws/install/action_tutorials_interfaces/share/action_tutorials_interfaces/hook/pythonpath.dsv'
[29.599s] INFO:colcon.colcon_core.shell:Creating environment hook '/mnt/d/projetos/tutorial_ros2/action_ws/install/action_tutorials_interfaces/share/action_tutorials_interfaces/hook/pythonpath.sh'
[29.611s] INFO:colcon.colcon_core.shell:Creating package script '/mnt/d/projetos/tutorial_ros2/action_ws/install/action_tutorials_interfaces/share/action_tutorials_interfaces/package.ps1'
[29.627s] INFO:colcon.colcon_core.shell:Creating package descriptor '/mnt/d/projetos/tutorial_ros2/action_ws/install/action_tutorials_interfaces/share/action_tutorials_interfaces/package.dsv'
[29.643s] INFO:colcon.colcon_core.shell:Creating package script '/mnt/d/projetos/tutorial_ros2/action_ws/install/action_tutorials_interfaces/share/action_tutorials_interfaces/package.sh'
[29.662s] INFO:colcon.colcon_core.shell:Creating package script '/mnt/d/projetos/tutorial_ros2/action_ws/install/action_tutorials_interfaces/share/action_tutorials_interfaces/package.bash'
[29.679s] INFO:colcon.colcon_core.shell:Creating package script '/mnt/d/projetos/tutorial_ros2/action_ws/install/action_tutorials_interfaces/share/action_tutorials_interfaces/package.zsh'
[29.696s] Level 1:colcon.colcon_core.environment:create_file_with_runtime_dependencies(/mnt/d/projetos/tutorial_ros2/action_ws/install/action_tutorials_interfaces/share/colcon-core/packages/action_tutorials_interfaces)
[29.705s] DEBUG:colcon.colcon_parallel_executor.executor.parallel:closing loop
[29.706s] DEBUG:colcon.colcon_parallel_executor.executor.parallel:loop closed
[29.706s] DEBUG:colcon.colcon_parallel_executor.executor.parallel:run_until_complete finished with '0'
[29.706s] DEBUG:colcon.colcon_core.event_reactor:joining thread
[29.721s] INFO:colcon.colcon_core.plugin_system:Skipping extension 'colcon_notification.desktop_notification.terminal_notifier': Not used on non-Darwin systems
[29.722s] INFO:colcon.colcon_core.plugin_system:Skipping extension 'colcon_notification.desktop_notification.win32': Not used on non-Windows systems
[29.722s] INFO:colcon.colcon_notification.desktop_notification:Sending desktop notification using 'notify2'
[29.722s] DEBUG:colcon.colcon_notification.desktop_notification.notify2:Failed to initialize notify2: org.freedesktop.DBus.Error.NotSupported: Unable to autolaunch a dbus-daemon without a $DISPLAY for X11
[29.723s] DEBUG:colcon.colcon_core.event_reactor:joined thread
[29.724s] INFO:colcon.colcon_core.shell:Creating prefix script '/mnt/d/projetos/tutorial_ros2/action_ws/install/local_setup.ps1'
[29.731s] INFO:colcon.colcon_core.shell:Creating prefix util module '/mnt/d/projetos/tutorial_ros2/action_ws/install/_local_setup_util_ps1.py'
[29.744s] INFO:colcon.colcon_core.shell:Creating prefix chain script '/mnt/d/projetos/tutorial_ros2/action_ws/install/setup.ps1'
[29.756s] INFO:colcon.colcon_core.shell:Creating prefix script '/mnt/d/projetos/tutorial_ros2/action_ws/install/local_setup.sh'
[29.768s] INFO:colcon.colcon_core.shell:Creating prefix util module '/mnt/d/projetos/tutorial_ros2/action_ws/install/_local_setup_util_sh.py'
[29.781s] INFO:colcon.colcon_core.shell:Creating prefix chain script '/mnt/d/projetos/tutorial_ros2/action_ws/install/setup.sh'
[29.789s] INFO:colcon.colcon_core.shell:Creating prefix script '/mnt/d/projetos/tutorial_ros2/action_ws/install/local_setup.bash'
[29.800s] INFO:colcon.colcon_core.shell:Creating prefix chain script '/mnt/d/projetos/tutorial_ros2/action_ws/install/setup.bash'
[29.808s] INFO:colcon.colcon_core.shell:Creating prefix script '/mnt/d/projetos/tutorial_ros2/action_ws/install/local_setup.zsh'
[29.813s] INFO:colcon.colcon_core.shell:Creating prefix chain script '/mnt/d/projetos/tutorial_ros2/action_ws/install/setup.zsh'
