[0.101s] Invoking command in '/mnt/d/projetos/tutorial_ros2/action_ws/build/action_tutorials_interfaces': CMAKE_PREFIX_PATH=/opt/ros/foxy /usr/bin/cmake --build /mnt/d/projetos/tutorial_ros2/action_ws/build/action_tutorials_interfaces -- -j8 -l8
[0.319s] [  3%] Built target action_tutorials_interfaces__cpp
[0.398s] [ 12%] Built target action_tutorials_interfaces__rosidl_generator_c
[0.473s] [ 25%] Built target action_tutorials_interfaces__rosidl_typesupport_cpp
[0.483s] [ 32%] Built target action_tutorials_interfaces__rosidl_typesupport_introspection_cpp
[0.530s] [ 41%] Built target action_tutorials_interfaces__rosidl_typesupport_fastrtps_cpp
[0.597s] [ 51%] Built target action_tutorials_interfaces__rosidl_typesupport_c
[0.620s] [ 61%] Built target action_tutorials_interfaces__rosidl_typesupport_introspection_c
[0.718s] [ 70%] Built target action_tutorials_interfaces__rosidl_typesupport_fastrtps_c
[0.793s] [ 70%] Built target action_tutorials_interfaces
[0.904s] [ 74%] Built target action_tutorials_interfaces__py
[1.051s] [ 80%] Built target action_tutorials_interfaces__python
[1.169s] [100%] Built target action_tutorials_interfaces__rosidl_typesupport_introspection_c__pyext
[1.170s] [100%] Built target action_tutorials_interfaces__rosidl_typesupport_fastrtps_c__pyext
[1.172s] [100%] Built target action_tutorials_interfaces__rosidl_typesupport_c__pyext
[1.271s] Invoked command in '/mnt/d/projetos/tutorial_ros2/action_ws/build/action_tutorials_interfaces' returned '0': CMAKE_PREFIX_PATH=/opt/ros/foxy /usr/bin/cmake --build /mnt/d/projetos/tutorial_ros2/action_ws/build/action_tutorials_interfaces -- -j8 -l8
[1.380s] Invoking command in '/mnt/d/projetos/tutorial_ros2/action_ws/build/action_tutorials_interfaces': CMAKE_PREFIX_PATH=/opt/ros/foxy /usr/bin/cmake --install /mnt/d/projetos/tutorial_ros2/action_ws/build/action_tutorials_interfaces
[1.395s] -- Install configuration: ""
[1.417s] -- Up-to-date: /mnt/d/projetos/tutorial_ros2/action_ws/install/action_tutorials_interfaces/share/ament_index/resource_index/rosidl_interfaces/action_tutorials_interfaces
[1.430s] -- Up-to-date: /mnt/d/projetos/tutorial_ros2/action_ws/install/action_tutorials_interfaces/include/action_tutorials_interfaces
[1.449s] -- Up-to-date: /mnt/d/projetos/tutorial_ros2/action_ws/install/action_tutorials_interfaces/include/action_tutorials_interfaces/action
[1.469s] -- Up-to-date: /mnt/d/projetos/tutorial_ros2/action_ws/install/action_tutorials_interfaces/include/action_tutorials_interfaces/action/detail
[1.496s] -- Up-to-date: /mnt/d/projetos/tutorial_ros2/action_ws/install/action_tutorials_interfaces/include/action_tutorials_interfaces/action/detail/fibonacci__functions.c
[1.518s] -- Up-to-date: /mnt/d/projetos/tutorial_ros2/action_ws/install/action_tutorials_interfaces/include/action_tutorials_interfaces/action/detail/fibonacci__functions.h
[1.545s] -- Up-to-date: /mnt/d/projetos/tutorial_ros2/action_ws/install/action_tutorials_interfaces/include/action_tutorials_interfaces/action/detail/fibonacci__struct.h
[1.566s] -- Up-to-date: /mnt/d/projetos/tutorial_ros2/action_ws/install/action_tutorials_interfaces/include/action_tutorials_interfaces/action/detail/fibonacci__type_support.h
[1.584s] -- Up-to-date: /mnt/d/projetos/tutorial_ros2/action_ws/install/action_tutorials_interfaces/include/action_tutorials_interfaces/action/fibonacci.h
[1.596s] -- Up-to-date: /mnt/d/projetos/tutorial_ros2/action_ws/install/action_tutorials_interfaces/include/action_tutorials_interfaces/msg
[1.620s] -- Up-to-date: /mnt/d/projetos/tutorial_ros2/action_ws/install/action_tutorials_interfaces/include/action_tutorials_interfaces/msg/rosidl_generator_c__visibility_control.h
[1.636s] -- Up-to-date: /mnt/d/projetos/tutorial_ros2/action_ws/install/action_tutorials_interfaces/share/action_tutorials_interfaces/environment/library_path.sh
[1.655s] -- Up-to-date: /mnt/d/projetos/tutorial_ros2/action_ws/install/action_tutorials_interfaces/share/action_tutorials_interfaces/environment/library_path.dsv
[1.689s] -- Up-to-date: /mnt/d/projetos/tutorial_ros2/action_ws/install/action_tutorials_interfaces/lib/libaction_tutorials_interfaces__rosidl_generator_c.so
[1.726s] -- Up-to-date: /mnt/d/projetos/tutorial_ros2/action_ws/install/action_tutorials_interfaces/include/action_tutorials_interfaces
[1.746s] -- Up-to-date: /mnt/d/projetos/tutorial_ros2/action_ws/install/action_tutorials_interfaces/include/action_tutorials_interfaces/action
[1.766s] -- Up-to-date: /mnt/d/projetos/tutorial_ros2/action_ws/install/action_tutorials_interfaces/include/action_tutorials_interfaces/action/detail
[1.792s] -- Up-to-date: /mnt/d/projetos/tutorial_ros2/action_ws/install/action_tutorials_interfaces/include/action_tutorials_interfaces/action/detail/fibonacci__rosidl_typesupport_fastrtps_c.h
[1.805s] -- Up-to-date: /mnt/d/projetos/tutorial_ros2/action_ws/install/action_tutorials_interfaces/include/action_tutorials_interfaces/msg
[1.829s] -- Up-to-date: /mnt/d/projetos/tutorial_ros2/action_ws/install/action_tutorials_interfaces/include/action_tutorials_interfaces/msg/rosidl_typesupport_fastrtps_c__visibility_control.h
[1.870s] -- Up-to-date: /mnt/d/projetos/tutorial_ros2/action_ws/install/action_tutorials_interfaces/lib/libaction_tutorials_interfaces__rosidl_typesupport_fastrtps_c.so
[1.904s] -- Up-to-date: /mnt/d/projetos/tutorial_ros2/action_ws/install/action_tutorials_interfaces/include/action_tutorials_interfaces
[1.921s] -- Up-to-date: /mnt/d/projetos/tutorial_ros2/action_ws/install/action_tutorials_interfaces/include/action_tutorials_interfaces/action
[1.945s] -- Up-to-date: /mnt/d/projetos/tutorial_ros2/action_ws/install/action_tutorials_interfaces/include/action_tutorials_interfaces/action/detail
[1.971s] -- Up-to-date: /mnt/d/projetos/tutorial_ros2/action_ws/install/action_tutorials_interfaces/include/action_tutorials_interfaces/action/detail/dds_fastrtps
[1.999s] -- Up-to-date: /mnt/d/projetos/tutorial_ros2/action_ws/install/action_tutorials_interfaces/include/action_tutorials_interfaces/action/detail/fibonacci__rosidl_typesupport_fastrtps_cpp.hpp
[2.014s] -- Up-to-date: /mnt/d/projetos/tutorial_ros2/action_ws/install/action_tutorials_interfaces/include/action_tutorials_interfaces/msg
[2.042s] -- Up-to-date: /mnt/d/projetos/tutorial_ros2/action_ws/install/action_tutorials_interfaces/include/action_tutorials_interfaces/msg/rosidl_typesupport_fastrtps_cpp__visibility_control.h
[2.076s] -- Up-to-date: /mnt/d/projetos/tutorial_ros2/action_ws/install/action_tutorials_interfaces/lib/libaction_tutorials_interfaces__rosidl_typesupport_fastrtps_cpp.so
[2.111s] -- Up-to-date: /mnt/d/projetos/tutorial_ros2/action_ws/install/action_tutorials_interfaces/include/action_tutorials_interfaces
[2.129s] -- Up-to-date: /mnt/d/projetos/tutorial_ros2/action_ws/install/action_tutorials_interfaces/include/action_tutorials_interfaces/action
[2.151s] -- Up-to-date: /mnt/d/projetos/tutorial_ros2/action_ws/install/action_tutorials_interfaces/include/action_tutorials_interfaces/action/detail
[2.177s] -- Up-to-date: /mnt/d/projetos/tutorial_ros2/action_ws/install/action_tutorials_interfaces/include/action_tutorials_interfaces/action/detail/fibonacci__rosidl_typesupport_introspection_c.h
[2.197s] -- Up-to-date: /mnt/d/projetos/tutorial_ros2/action_ws/install/action_tutorials_interfaces/include/action_tutorials_interfaces/action/detail/fibonacci__type_support.c
[2.211s] -- Up-to-date: /mnt/d/projetos/tutorial_ros2/action_ws/install/action_tutorials_interfaces/include/action_tutorials_interfaces/msg
[2.236s] -- Up-to-date: /mnt/d/projetos/tutorial_ros2/action_ws/install/action_tutorials_interfaces/include/action_tutorials_interfaces/msg/rosidl_typesupport_introspection_c__visibility_control.h
[2.271s] -- Up-to-date: /mnt/d/projetos/tutorial_ros2/action_ws/install/action_tutorials_interfaces/lib/libaction_tutorials_interfaces__rosidl_typesupport_introspection_c.so
[2.327s] -- Up-to-date: /mnt/d/projetos/tutorial_ros2/action_ws/install/action_tutorials_interfaces/lib/libaction_tutorials_interfaces__rosidl_typesupport_c.so
[2.367s] -- Up-to-date: /mnt/d/projetos/tutorial_ros2/action_ws/install/action_tutorials_interfaces/include/action_tutorials_interfaces
[2.384s] -- Up-to-date: /mnt/d/projetos/tutorial_ros2/action_ws/install/action_tutorials_interfaces/include/action_tutorials_interfaces/action
[2.404s] -- Up-to-date: /mnt/d/projetos/tutorial_ros2/action_ws/install/action_tutorials_interfaces/include/action_tutorials_interfaces/action/detail
[2.435s] -- Up-to-date: /mnt/d/projetos/tutorial_ros2/action_ws/install/action_tutorials_interfaces/include/action_tutorials_interfaces/action/detail/fibonacci__builder.hpp
[2.458s] -- Up-to-date: /mnt/d/projetos/tutorial_ros2/action_ws/install/action_tutorials_interfaces/include/action_tutorials_interfaces/action/detail/fibonacci__struct.hpp
[2.478s] -- Up-to-date: /mnt/d/projetos/tutorial_ros2/action_ws/install/action_tutorials_interfaces/include/action_tutorials_interfaces/action/detail/fibonacci__traits.hpp
[2.496s] -- Up-to-date: /mnt/d/projetos/tutorial_ros2/action_ws/install/action_tutorials_interfaces/include/action_tutorials_interfaces/action/fibonacci.hpp
[2.506s] -- Up-to-date: /mnt/d/projetos/tutorial_ros2/action_ws/install/action_tutorials_interfaces/include/action_tutorials_interfaces
[2.525s] -- Up-to-date: /mnt/d/projetos/tutorial_ros2/action_ws/install/action_tutorials_interfaces/include/action_tutorials_interfaces/action
[2.547s] -- Up-to-date: /mnt/d/projetos/tutorial_ros2/action_ws/install/action_tutorials_interfaces/include/action_tutorials_interfaces/action/detail
[2.574s] -- Up-to-date: /mnt/d/projetos/tutorial_ros2/action_ws/install/action_tutorials_interfaces/include/action_tutorials_interfaces/action/detail/fibonacci__rosidl_typesupport_introspection_cpp.hpp
[2.594s] -- Up-to-date: /mnt/d/projetos/tutorial_ros2/action_ws/install/action_tutorials_interfaces/include/action_tutorials_interfaces/action/detail/fibonacci__type_support.cpp
[2.633s] -- Up-to-date: /mnt/d/projetos/tutorial_ros2/action_ws/install/action_tutorials_interfaces/lib/libaction_tutorials_interfaces__rosidl_typesupport_introspection_cpp.so
[2.692s] -- Up-to-date: /mnt/d/projetos/tutorial_ros2/action_ws/install/action_tutorials_interfaces/lib/libaction_tutorials_interfaces__rosidl_typesupport_cpp.so
[2.736s] -- Up-to-date: /mnt/d/projetos/tutorial_ros2/action_ws/install/action_tutorials_interfaces/share/action_tutorials_interfaces/environment/pythonpath.sh
[2.756s] -- Up-to-date: /mnt/d/projetos/tutorial_ros2/action_ws/install/action_tutorials_interfaces/share/action_tutorials_interfaces/environment/pythonpath.dsv
[2.776s] -- Up-to-date: /mnt/d/projetos/tutorial_ros2/action_ws/install/action_tutorials_interfaces/lib/python3.8/site-packages/action_tutorials_interfaces/__init__.py
[2.852s] -- Up-to-date: /mnt/d/projetos/tutorial_ros2/action_ws/install/action_tutorials_interfaces/lib/python3.8/site-packages/action_tutorials_interfaces/action
[2.879s] -- Up-to-date: /mnt/d/projetos/tutorial_ros2/action_ws/install/action_tutorials_interfaces/lib/python3.8/site-packages/action_tutorials_interfaces/action/_fibonacci.py
[2.900s] -- Up-to-date: /mnt/d/projetos/tutorial_ros2/action_ws/install/action_tutorials_interfaces/lib/python3.8/site-packages/action_tutorials_interfaces/action/_fibonacci_s.c
[2.924s] -- Up-to-date: /mnt/d/projetos/tutorial_ros2/action_ws/install/action_tutorials_interfaces/lib/python3.8/site-packages/action_tutorials_interfaces/action/__init__.py
[2.984s] -- Up-to-date: /mnt/d/projetos/tutorial_ros2/action_ws/install/action_tutorials_interfaces/lib/python3.8/site-packages/action_tutorials_interfaces/action_tutorials_interfaces_s__rosidl_typesupport_fastrtps_c.cpython-38-x86_64-linux-gnu.so
[3.075s] -- Up-to-date: /mnt/d/projetos/tutorial_ros2/action_ws/install/action_tutorials_interfaces/lib/python3.8/site-packages/action_tutorials_interfaces/action_tutorials_interfaces_s__rosidl_typesupport_introspection_c.cpython-38-x86_64-linux-gnu.so
[3.179s] -- Up-to-date: /mnt/d/projetos/tutorial_ros2/action_ws/install/action_tutorials_interfaces/lib/python3.8/site-packages/action_tutorials_interfaces/action_tutorials_interfaces_s__rosidl_typesupport_c.cpython-38-x86_64-linux-gnu.so
[3.272s] -- Up-to-date: /mnt/d/projetos/tutorial_ros2/action_ws/install/action_tutorials_interfaces/lib/libaction_tutorials_interfaces__python.so
[3.353s] -- Up-to-date: /mnt/d/projetos/tutorial_ros2/action_ws/install/action_tutorials_interfaces/share/action_tutorials_interfaces/action/Fibonacci.idl
[3.386s] -- Up-to-date: /mnt/d/projetos/tutorial_ros2/action_ws/install/action_tutorials_interfaces/share/action_tutorials_interfaces/action/Fibonacci.action
[3.430s] -- Up-to-date: /mnt/d/projetos/tutorial_ros2/action_ws/install/action_tutorials_interfaces/share/ament_index/resource_index/package_run_dependencies/action_tutorials_interfaces
[3.502s] -- Up-to-date: /mnt/d/projetos/tutorial_ros2/action_ws/install/action_tutorials_interfaces/share/ament_index/resource_index/parent_prefix_path/action_tutorials_interfaces
[3.545s] -- Up-to-date: /mnt/d/projetos/tutorial_ros2/action_ws/install/action_tutorials_interfaces/share/action_tutorials_interfaces/environment/ament_prefix_path.sh
[3.594s] -- Up-to-date: /mnt/d/projetos/tutorial_ros2/action_ws/install/action_tutorials_interfaces/share/action_tutorials_interfaces/environment/ament_prefix_path.dsv
[3.644s] -- Up-to-date: /mnt/d/projetos/tutorial_ros2/action_ws/install/action_tutorials_interfaces/share/action_tutorials_interfaces/environment/path.sh
[3.748s] -- Up-to-date: /mnt/d/projetos/tutorial_ros2/action_ws/install/action_tutorials_interfaces/share/action_tutorials_interfaces/environment/path.dsv
[3.813s] -- Up-to-date: /mnt/d/projetos/tutorial_ros2/action_ws/install/action_tutorials_interfaces/share/action_tutorials_interfaces/local_setup.bash
[3.893s] -- Up-to-date: /mnt/d/projetos/tutorial_ros2/action_ws/install/action_tutorials_interfaces/share/action_tutorials_interfaces/local_setup.sh
[3.938s] -- Up-to-date: /mnt/d/projetos/tutorial_ros2/action_ws/install/action_tutorials_interfaces/share/action_tutorials_interfaces/local_setup.zsh
[4.005s] -- Up-to-date: /mnt/d/projetos/tutorial_ros2/action_ws/install/action_tutorials_interfaces/share/action_tutorials_interfaces/local_setup.dsv
[4.077s] -- Installing: /mnt/d/projetos/tutorial_ros2/action_ws/install/action_tutorials_interfaces/share/action_tutorials_interfaces/package.dsv
[4.247s] -- Up-to-date: /mnt/d/projetos/tutorial_ros2/action_ws/install/action_tutorials_interfaces/share/ament_index/resource_index/packages/action_tutorials_interfaces
[4.292s] -- Up-to-date: /mnt/d/projetos/tutorial_ros2/action_ws/install/action_tutorials_interfaces/share/action_tutorials_interfaces/cmake/action_tutorials_interfaces__rosidl_generator_cExport.cmake
[4.323s] -- Up-to-date: /mnt/d/projetos/tutorial_ros2/action_ws/install/action_tutorials_interfaces/share/action_tutorials_interfaces/cmake/action_tutorials_interfaces__rosidl_generator_cExport-noconfig.cmake
[4.368s] -- Up-to-date: /mnt/d/projetos/tutorial_ros2/action_ws/install/action_tutorials_interfaces/share/action_tutorials_interfaces/cmake/action_tutorials_interfaces__rosidl_typesupport_introspection_cExport.cmake
[4.394s] -- Up-to-date: /mnt/d/projetos/tutorial_ros2/action_ws/install/action_tutorials_interfaces/share/action_tutorials_interfaces/cmake/action_tutorials_interfaces__rosidl_typesupport_introspection_cExport-noconfig.cmake
[4.441s] -- Up-to-date: /mnt/d/projetos/tutorial_ros2/action_ws/install/action_tutorials_interfaces/share/action_tutorials_interfaces/cmake/action_tutorials_interfaces__rosidl_typesupport_cExport.cmake
[4.467s] -- Up-to-date: /mnt/d/projetos/tutorial_ros2/action_ws/install/action_tutorials_interfaces/share/action_tutorials_interfaces/cmake/action_tutorials_interfaces__rosidl_typesupport_cExport-noconfig.cmake
[4.505s] -- Up-to-date: /mnt/d/projetos/tutorial_ros2/action_ws/install/action_tutorials_interfaces/share/action_tutorials_interfaces/cmake/action_tutorials_interfaces__rosidl_generator_cppExport.cmake
[4.557s] -- Up-to-date: /mnt/d/projetos/tutorial_ros2/action_ws/install/action_tutorials_interfaces/share/action_tutorials_interfaces/cmake/action_tutorials_interfaces__rosidl_typesupport_introspection_cppExport.cmake
[4.586s] -- Up-to-date: /mnt/d/projetos/tutorial_ros2/action_ws/install/action_tutorials_interfaces/share/action_tutorials_interfaces/cmake/action_tutorials_interfaces__rosidl_typesupport_introspection_cppExport-noconfig.cmake
[4.629s] -- Up-to-date: /mnt/d/projetos/tutorial_ros2/action_ws/install/action_tutorials_interfaces/share/action_tutorials_interfaces/cmake/action_tutorials_interfaces__rosidl_typesupport_cppExport.cmake
[4.659s] -- Up-to-date: /mnt/d/projetos/tutorial_ros2/action_ws/install/action_tutorials_interfaces/share/action_tutorials_interfaces/cmake/action_tutorials_interfaces__rosidl_typesupport_cppExport-noconfig.cmake
[4.676s] -- Up-to-date: /mnt/d/projetos/tutorial_ros2/action_ws/install/action_tutorials_interfaces/share/action_tutorials_interfaces/cmake/rosidl_cmake-extras.cmake
[4.693s] -- Up-to-date: /mnt/d/projetos/tutorial_ros2/action_ws/install/action_tutorials_interfaces/share/action_tutorials_interfaces/cmake/ament_cmake_export_dependencies-extras.cmake
[4.710s] -- Up-to-date: /mnt/d/projetos/tutorial_ros2/action_ws/install/action_tutorials_interfaces/share/action_tutorials_interfaces/cmake/ament_cmake_export_libraries-extras.cmake
[4.733s] -- Up-to-date: /mnt/d/projetos/tutorial_ros2/action_ws/install/action_tutorials_interfaces/share/action_tutorials_interfaces/cmake/ament_cmake_export_targets-extras.cmake
[4.753s] -- Up-to-date: /mnt/d/projetos/tutorial_ros2/action_ws/install/action_tutorials_interfaces/share/action_tutorials_interfaces/cmake/ament_cmake_export_include_directories-extras.cmake
[4.769s] -- Up-to-date: /mnt/d/projetos/tutorial_ros2/action_ws/install/action_tutorials_interfaces/share/action_tutorials_interfaces/cmake/rosidl_cmake_export_typesupport_libraries-extras.cmake
[4.786s] -- Up-to-date: /mnt/d/projetos/tutorial_ros2/action_ws/install/action_tutorials_interfaces/share/action_tutorials_interfaces/cmake/rosidl_cmake_export_typesupport_targets-extras.cmake
[4.802s] -- Up-to-date: /mnt/d/projetos/tutorial_ros2/action_ws/install/action_tutorials_interfaces/share/action_tutorials_interfaces/cmake/action_tutorials_interfacesConfig.cmake
[4.815s] -- Up-to-date: /mnt/d/projetos/tutorial_ros2/action_ws/install/action_tutorials_interfaces/share/action_tutorials_interfaces/cmake/action_tutorials_interfacesConfig-version.cmake
[4.837s] -- Up-to-date: /mnt/d/projetos/tutorial_ros2/action_ws/install/action_tutorials_interfaces/share/action_tutorials_interfaces/package.xml
[4.858s] Invoked command in '/mnt/d/projetos/tutorial_ros2/action_ws/build/action_tutorials_interfaces' returned '0': CMAKE_PREFIX_PATH=/opt/ros/foxy /usr/bin/cmake --install /mnt/d/projetos/tutorial_ros2/action_ws/build/action_tutorials_interfaces
