[0.665s] DEBUG:colcon:Command line arguments: ['/usr/bin/colcon', 'build']
[0.666s] DEBUG:colcon:Parsed command line arguments: Namespace(ament_cmake_args=None, base_paths=['.'], build_base='build', catkin_cmake_args=None, catkin_skip_building_tests=False, cmake_args=None, cmake_clean_cache=False, cmake_clean_first=False, cmake_force_configure=False, cmake_target=None, cmake_target_skip_unavailable=False, continue_on_error=False, event_handlers=None, executor='parallel', ignore_user_meta=False, install_base='install', log_base=None, log_level=None, main=<bound method BuildVerb.main of <colcon_core.verb.build.BuildVerb object at 0x7f6e24868580>>, merge_install=False, metas=['./colcon.meta'], packages_above=None, packages_above_and_dependencies=None, packages_above_depth=None, packages_end=None, packages_ignore=None, packages_ignore_regex=None, packages_select=None, packages_select_build_failed=False, packages_select_by_dep=None, packages_select_regex=None, packages_select_test_failures=False, packages_skip=None, packages_skip_build_finished=False, packages_skip_by_dep=None, packages_skip_regex=None, packages_skip_test_passed=False, packages_skip_up_to=None, packages_start=None, packages_up_to=None, packages_up_to_regex=None, parallel_workers=8, paths=None, symlink_install=False, test_result_base=None, verb_extension=<colcon_core.verb.build.BuildVerb object at 0x7f6e24868580>, verb_name='build', verb_parser=<colcon_defaults.argument_parser.defaults.DefaultArgumentsDecorator object at 0x7f6e24868ac0>)
[0.696s] Level 1:colcon.colcon_core.package_discovery:discover_packages(colcon_meta) check parameters
[0.697s] Level 1:colcon.colcon_core.package_discovery:discover_packages(recursive) check parameters
[0.697s] Level 1:colcon.colcon_core.package_discovery:discover_packages(ignore) check parameters
[0.698s] Level 1:colcon.colcon_core.package_discovery:discover_packages(path) check parameters
[0.698s] Level 1:colcon.colcon_core.package_discovery:discover_packages(colcon_meta) discover
[0.698s] Level 1:colcon.colcon_core.package_discovery:discover_packages(recursive) discover
[0.699s] INFO:colcon.colcon_core.package_discovery:Crawling recursively for packages in '/mnt/d/projetos/tutorial_ros2/action_ws'
[0.701s] Level 1:colcon.colcon_core.package_identification:_identify(.) by extensions ['ignore', 'ignore_ament_install']
[0.702s] Level 1:colcon.colcon_core.package_identification:_identify(.) by extension 'ignore'
[0.702s] Level 1:colcon.colcon_core.package_identification:_identify(.) by extension 'ignore_ament_install'
[0.703s] Level 1:colcon.colcon_core.package_identification:_identify(.) by extensions ['colcon_pkg']
[0.703s] Level 1:colcon.colcon_core.package_identification:_identify(.) by extension 'colcon_pkg'
[0.703s] Level 1:colcon.colcon_core.package_identification:_identify(.) by extensions ['colcon_meta']
[0.703s] Level 1:colcon.colcon_core.package_identification:_identify(.) by extension 'colcon_meta'
[0.704s] Level 1:colcon.colcon_core.package_identification:_identify(.) by extensions ['ros']
[0.704s] Level 1:colcon.colcon_core.package_identification:_identify(.) by extension 'ros'
[0.716s] Level 1:colcon.colcon_core.package_identification:_identify(.) by extensions ['cmake', 'python']
[0.717s] Level 1:colcon.colcon_core.package_identification:_identify(.) by extension 'cmake'
[0.717s] Level 1:colcon.colcon_core.package_identification:_identify(.) by extension 'python'
[0.718s] Level 1:colcon.colcon_core.package_identification:_identify(.) by extensions ['python_setup_py']
[0.718s] Level 1:colcon.colcon_core.package_identification:_identify(.) by extension 'python_setup_py'
[0.722s] Level 1:colcon.colcon_core.package_identification:_identify(build) by extensions ['ignore', 'ignore_ament_install']
[0.722s] Level 1:colcon.colcon_core.package_identification:_identify(build) by extension 'ignore'
[0.724s] Level 1:colcon.colcon_core.package_identification:_identify(build) ignored
[0.726s] Level 1:colcon.colcon_core.package_identification:_identify(install) by extensions ['ignore', 'ignore_ament_install']
[0.726s] Level 1:colcon.colcon_core.package_identification:_identify(install) by extension 'ignore'
[0.727s] Level 1:colcon.colcon_core.package_identification:_identify(install) ignored
[0.731s] Level 1:colcon.colcon_core.package_identification:_identify(log) by extensions ['ignore', 'ignore_ament_install']
[0.731s] Level 1:colcon.colcon_core.package_identification:_identify(log) by extension 'ignore'
[0.732s] Level 1:colcon.colcon_core.package_identification:_identify(log) ignored
[0.734s] Level 1:colcon.colcon_core.package_identification:_identify(src) by extensions ['ignore', 'ignore_ament_install']
[0.734s] Level 1:colcon.colcon_core.package_identification:_identify(src) by extension 'ignore'
[0.735s] Level 1:colcon.colcon_core.package_identification:_identify(src) by extension 'ignore_ament_install'
[0.736s] Level 1:colcon.colcon_core.package_identification:_identify(src) by extensions ['colcon_pkg']
[0.736s] Level 1:colcon.colcon_core.package_identification:_identify(src) by extension 'colcon_pkg'
[0.737s] Level 1:colcon.colcon_core.package_identification:_identify(src) by extensions ['colcon_meta']
[0.737s] Level 1:colcon.colcon_core.package_identification:_identify(src) by extension 'colcon_meta'
[0.738s] Level 1:colcon.colcon_core.package_identification:_identify(src) by extensions ['ros']
[0.738s] Level 1:colcon.colcon_core.package_identification:_identify(src) by extension 'ros'
[0.741s] Level 1:colcon.colcon_core.package_identification:_identify(src) by extensions ['cmake', 'python']
[0.741s] Level 1:colcon.colcon_core.package_identification:_identify(src) by extension 'cmake'
[0.742s] Level 1:colcon.colcon_core.package_identification:_identify(src) by extension 'python'
[0.742s] Level 1:colcon.colcon_core.package_identification:_identify(src) by extensions ['python_setup_py']
[0.743s] Level 1:colcon.colcon_core.package_identification:_identify(src) by extension 'python_setup_py'
[0.746s] Level 1:colcon.colcon_core.package_identification:_identify(src/action_tutorials_interfaces) by extensions ['ignore', 'ignore_ament_install']
[0.747s] Level 1:colcon.colcon_core.package_identification:_identify(src/action_tutorials_interfaces) by extension 'ignore'
[0.748s] Level 1:colcon.colcon_core.package_identification:_identify(src/action_tutorials_interfaces) by extension 'ignore_ament_install'
[0.750s] Level 1:colcon.colcon_core.package_identification:_identify(src/action_tutorials_interfaces) by extensions ['colcon_pkg']
[0.750s] Level 1:colcon.colcon_core.package_identification:_identify(src/action_tutorials_interfaces) by extension 'colcon_pkg'
[0.751s] Level 1:colcon.colcon_core.package_identification:_identify(src/action_tutorials_interfaces) by extensions ['colcon_meta']
[0.752s] Level 1:colcon.colcon_core.package_identification:_identify(src/action_tutorials_interfaces) by extension 'colcon_meta'
[0.753s] Level 1:colcon.colcon_core.package_identification:_identify(src/action_tutorials_interfaces) by extensions ['ros']
[0.753s] Level 1:colcon.colcon_core.package_identification:_identify(src/action_tutorials_interfaces) by extension 'ros'
[0.768s] DEBUG:colcon.colcon_core.package_identification:Package 'src/action_tutorials_interfaces' with type 'ros.ament_cmake' and name 'action_tutorials_interfaces'
[0.768s] Level 1:colcon.colcon_core.package_discovery:discover_packages(recursive) using defaults
[0.769s] Level 1:colcon.colcon_core.package_discovery:discover_packages(ignore) discover
[0.769s] Level 1:colcon.colcon_core.package_discovery:discover_packages(ignore) using defaults
[0.769s] Level 1:colcon.colcon_core.package_discovery:discover_packages(path) discover
[0.770s] Level 1:colcon.colcon_core.package_discovery:discover_packages(path) using defaults
[0.798s] Level 5:colcon.colcon_core.verb:set package 'action_tutorials_interfaces' build argument 'cmake_args' from command line to 'None'
[0.799s] Level 5:colcon.colcon_core.verb:set package 'action_tutorials_interfaces' build argument 'cmake_target' from command line to 'None'
[0.799s] Level 5:colcon.colcon_core.verb:set package 'action_tutorials_interfaces' build argument 'cmake_target_skip_unavailable' from command line to 'False'
[0.799s] Level 5:colcon.colcon_core.verb:set package 'action_tutorials_interfaces' build argument 'cmake_clean_cache' from command line to 'False'
[0.800s] Level 5:colcon.colcon_core.verb:set package 'action_tutorials_interfaces' build argument 'cmake_clean_first' from command line to 'False'
[0.800s] Level 5:colcon.colcon_core.verb:set package 'action_tutorials_interfaces' build argument 'cmake_force_configure' from command line to 'False'
[0.800s] Level 5:colcon.colcon_core.verb:set package 'action_tutorials_interfaces' build argument 'ament_cmake_args' from command line to 'None'
[0.801s] Level 5:colcon.colcon_core.verb:set package 'action_tutorials_interfaces' build argument 'catkin_cmake_args' from command line to 'None'
[0.801s] Level 5:colcon.colcon_core.verb:set package 'action_tutorials_interfaces' build argument 'catkin_skip_building_tests' from command line to 'False'
[0.801s] DEBUG:colcon.colcon_core.verb:Building package 'action_tutorials_interfaces' with the following arguments: {'ament_cmake_args': None, 'build_base': '/mnt/d/projetos/tutorial_ros2/action_ws/build/action_tutorials_interfaces', 'catkin_cmake_args': None, 'catkin_skip_building_tests': False, 'cmake_args': None, 'cmake_clean_cache': False, 'cmake_clean_first': False, 'cmake_force_configure': False, 'cmake_target': None, 'cmake_target_skip_unavailable': False, 'install_base': '/mnt/d/projetos/tutorial_ros2/action_ws/install/action_tutorials_interfaces', 'merge_install': False, 'path': '/mnt/d/projetos/tutorial_ros2/action_ws/src/action_tutorials_interfaces', 'symlink_install': False, 'test_result_base': None}
[0.802s] INFO:colcon.colcon_core.executor:Executing jobs using 'parallel' executor
[0.804s] DEBUG:colcon.colcon_parallel_executor.executor.parallel:run_until_complete
[0.805s] INFO:colcon.colcon_ros.task.ament_cmake.build:Building ROS package in '/mnt/d/projetos/tutorial_ros2/action_ws/src/action_tutorials_interfaces' with build type 'ament_cmake'
[0.805s] INFO:colcon.colcon_cmake.task.cmake.build:Building CMake package in '/mnt/d/projetos/tutorial_ros2/action_ws/src/action_tutorials_interfaces'
[0.810s] INFO:colcon.colcon_core.plugin_system:Skipping extension 'colcon_core.shell.bat': Not used on non-Windows systems
[0.810s] INFO:colcon.colcon_core.shell:Skip shell extension 'powershell' for command environment: Not usable outside of PowerShell
[0.811s] DEBUG:colcon.colcon_core.shell:Skip shell extension 'dsv' for command environment
[0.813s] DEBUG:colcon.colcon_core.shell:Ignoring prefix path '/opt/ros/foxy'
[0.868s] DEBUG:colcon.colcon_core.event_handler.log_command:Invoking command in '/mnt/d/projetos/tutorial_ros2/action_ws/build/action_tutorials_interfaces': CMAKE_PREFIX_PATH=/opt/ros/foxy /usr/bin/cmake /mnt/d/projetos/tutorial_ros2/action_ws/src/action_tutorials_interfaces -DCMAKE_INSTALL_PREFIX=/mnt/d/projetos/tutorial_ros2/action_ws/install/action_tutorials_interfaces
[4.803s] DEBUG:colcon.colcon_core.event_handler.log_command:Invoked command in '/mnt/d/projetos/tutorial_ros2/action_ws/build/action_tutorials_interfaces' returned '1': CMAKE_PREFIX_PATH=/opt/ros/foxy /usr/bin/cmake /mnt/d/projetos/tutorial_ros2/action_ws/src/action_tutorials_interfaces -DCMAKE_INSTALL_PREFIX=/mnt/d/projetos/tutorial_ros2/action_ws/install/action_tutorials_interfaces
[4.833s] Level 1:colcon.colcon_core.environment:create_environment_scripts_only(action_tutorials_interfaces)
[4.840s] Level 1:colcon.colcon_core.environment:checking '/mnt/d/projetos/tutorial_ros2/action_ws/install/action_tutorials_interfaces' for CMake module files
[4.856s] Level 1:colcon.colcon_core.environment:checking '/mnt/d/projetos/tutorial_ros2/action_ws/install/action_tutorials_interfaces' for CMake config files
[4.858s] Level 1:colcon.colcon_core.environment:checking '/mnt/d/projetos/tutorial_ros2/action_ws/install/action_tutorials_interfaces/bin'
[4.859s] Level 1:colcon.colcon_core.environment:checking '/mnt/d/projetos/tutorial_ros2/action_ws/install/action_tutorials_interfaces/lib/pkgconfig/action_tutorials_interfaces.pc'
[4.860s] Level 1:colcon.colcon_core.environment:checking '/mnt/d/projetos/tutorial_ros2/action_ws/install/action_tutorials_interfaces/lib/python3.8/site-packages'
[4.861s] INFO:colcon.colcon_core.shell:Creating package script '/mnt/d/projetos/tutorial_ros2/action_ws/install/action_tutorials_interfaces/share/action_tutorials_interfaces/package.ps1'
[4.880s] INFO:colcon.colcon_core.shell:Creating package descriptor '/mnt/d/projetos/tutorial_ros2/action_ws/install/action_tutorials_interfaces/share/action_tutorials_interfaces/package.dsv'
[4.891s] INFO:colcon.colcon_core.shell:Creating package script '/mnt/d/projetos/tutorial_ros2/action_ws/install/action_tutorials_interfaces/share/action_tutorials_interfaces/package.sh'
[4.908s] INFO:colcon.colcon_core.shell:Creating package script '/mnt/d/projetos/tutorial_ros2/action_ws/install/action_tutorials_interfaces/share/action_tutorials_interfaces/package.bash'
[4.925s] INFO:colcon.colcon_core.shell:Creating package script '/mnt/d/projetos/tutorial_ros2/action_ws/install/action_tutorials_interfaces/share/action_tutorials_interfaces/package.zsh'
[4.944s] Level 1:colcon.colcon_core.environment:create_file_with_runtime_dependencies(/mnt/d/projetos/tutorial_ros2/action_ws/install/action_tutorials_interfaces/share/colcon-core/packages/action_tutorials_interfaces)
[4.960s] DEBUG:colcon.colcon_parallel_executor.executor.parallel:closing loop
[4.961s] DEBUG:colcon.colcon_parallel_executor.executor.parallel:loop closed
[4.961s] DEBUG:colcon.colcon_parallel_executor.executor.parallel:run_until_complete finished with '1'
[4.961s] DEBUG:colcon.colcon_core.event_reactor:joining thread
[4.988s] INFO:colcon.colcon_core.plugin_system:Skipping extension 'colcon_notification.desktop_notification.terminal_notifier': Not used on non-Darwin systems
[4.989s] INFO:colcon.colcon_core.plugin_system:Skipping extension 'colcon_notification.desktop_notification.win32': Not used on non-Windows systems
[4.990s] INFO:colcon.colcon_notification.desktop_notification:Sending desktop notification using 'notify2'
[4.990s] DEBUG:colcon.colcon_notification.desktop_notification.notify2:Failed to initialize notify2: org.freedesktop.DBus.Error.NotSupported: Unable to autolaunch a dbus-daemon without a $DISPLAY for X11
[4.990s] DEBUG:colcon.colcon_core.event_reactor:joined thread
[4.991s] INFO:colcon.colcon_core.shell:Creating prefix script '/mnt/d/projetos/tutorial_ros2/action_ws/install/local_setup.ps1'
[5.005s] INFO:colcon.colcon_core.shell:Creating prefix util module '/mnt/d/projetos/tutorial_ros2/action_ws/install/_local_setup_util_ps1.py'
[5.021s] INFO:colcon.colcon_core.shell:Creating prefix chain script '/mnt/d/projetos/tutorial_ros2/action_ws/install/setup.ps1'
[5.034s] INFO:colcon.colcon_core.shell:Creating prefix script '/mnt/d/projetos/tutorial_ros2/action_ws/install/local_setup.sh'
[5.046s] INFO:colcon.colcon_core.shell:Creating prefix util module '/mnt/d/projetos/tutorial_ros2/action_ws/install/_local_setup_util_sh.py'
[5.058s] INFO:colcon.colcon_core.shell:Creating prefix chain script '/mnt/d/projetos/tutorial_ros2/action_ws/install/setup.sh'
[5.070s] INFO:colcon.colcon_core.shell:Creating prefix script '/mnt/d/projetos/tutorial_ros2/action_ws/install/local_setup.bash'
[5.082s] INFO:colcon.colcon_core.shell:Creating prefix chain script '/mnt/d/projetos/tutorial_ros2/action_ws/install/setup.bash'
[5.094s] INFO:colcon.colcon_core.shell:Creating prefix script '/mnt/d/projetos/tutorial_ros2/action_ws/install/local_setup.zsh'
[5.106s] INFO:colcon.colcon_core.shell:Creating prefix chain script '/mnt/d/projetos/tutorial_ros2/action_ws/install/setup.zsh'
